Lower Bound	Approximation	Operations
50	2.02	101
53	1.9811320754716981	105
50	2.0	100
55	2.0	110
52	2.019230769230769	105
57	1.9473684210526316	111
59	2.0338983050847457	120
53	2.018867924528302	107
55	1.981818181818182	109
53	2.018867924528302	107
54	2.0185185185185186	109
52	1.9807692307692308	103
55	1.981818181818182	109
54	1.962962962962963	106
53	1.9811320754716981	105
53	2.0	106
52	2.0384615384615383	106
56	2.0357142857142856	114
52	2.0384615384615383	106
54	1.962962962962963	106
51	2.0	102
51	2.019607843137255	103
54	2.0185185185185186	109
55	2.036363636363636	112
51	2.019607843137255	103
55	2.036363636363636	112
54	2.037037037037037	110
55	2.0	110
50	1.98	99
56	2.0	112
52	2.0384615384615383	106
51	2.019607843137255	103
55	1.9636363636363636	108
51	2.0	102
52	1.9807692307692308	103
54	2.0185185185185186	109
54	1.962962962962963	106
51	2.019607843137255	103
55	2.018181818181818	111
52	2.0	104
53	1.9622641509433962	104
50	2.02	101
51	2.0	102
55	1.981818181818182	109
53	2.018867924528302	107
55	2.0	110
57	2.0	114
51	2.019607843137255	103
57	2.0350877192982457	116
58	2.0	116
53	1.9811320754716981	105
52	2.0	104
52	1.9807692307692308	103
51	1.9803921568627452	101
53	1.9811320754716981	105
52	2.0	104
52	1.9615384615384615	102
51	1.9803921568627452	101
52	1.9807692307692308	103
53	2.018867924528302	107
50	1.98	99
54	2.037037037037037	110
56	2.0	112
50	2.02	101
49	1.9591836734693877	96
53	2.018867924528302	107
54	1.9814814814814814	107
55	2.0	110
50	2.0	100
55	2.0	110
56	2.0357142857142856	114
56	2.017857142857143	113
54	2.0185185185185186	109
52	1.9807692307692308	103
54	2.0	108
53	2.0	106
51	2.019607843137255	103
52	2.019230769230769	105
55	1.9636363636363636	108
53	2.0	106
53	2.0	106
52	2.019230769230769	105
53	2.0377358490566038	108
55	1.981818181818182	109
53	1.9811320754716981	105
51	1.9803921568627452	101
56	2.0	112
56	1.9821428571428572	111
53	1.9622641509433962	104
52	2.019230769230769	105
58	2.0	116
56	1.9642857142857142	110
55	1.9454545454545455	107
53	2.0	106
51	2.019607843137255	103
52	2.076923076923077	108
51	2.019607843137255	103
53	1.9622641509433962	104
55	2.0	110
51	2.019607843137255	103
51	1.9803921568627452	101
53	2.0	106
52	2.0	104
52	1.9615384615384615	102
53	2.0	106
52	2.0	104
50	2.02	101
51	2.0	102
52	2.0384615384615383	106
54	2.074074074074074	112
51	1.9215686274509804	98
52	2.0	104
53	2.0	106
54	1.9814814814814814	107
53	2.0	106
51	2.0	102
53	2.0	106
53	2.0	106
51	2.0392156862745097	104
50	1.98	99
51	2.019607843137255	103
53	2.018867924528302	107
51	2.0	102
55	1.981818181818182	109
51	1.9607843137254901	100
55	2.018181818181818	111
53	2.0	106
55	1.981818181818182	109
51	1.9607843137254901	100
52	1.9615384615384615	102
51	2.019607843137255	103
51	1.9803921568627452	101
54	2.0185185185185186	109
53	2.0	106
54	2.0185185185185186	109
52	2.0384615384615383	106
51	2.0392156862745097	104
55	2.0	110
53	2.0377358490566038	108
56	2.0357142857142856	114
52	2.019230769230769	105
52	2.0	104
51	1.9803921568627452	101
51	1.9607843137254901	100
52	1.9423076923076923	101
50	1.98	99
48	2.0208333333333335	97
52	1.9807692307692308	103
55	1.981818181818182	109
52	1.9807692307692308	103
54	2.0555555555555554	111
51	2.019607843137255	103
53	2.0	106
57	2.0350877192982457	116
55	1.981818181818182	109
53	2.018867924528302	107
56	2.0	112
53	2.018867924528302	107
53	1.9811320754716981	105
53	2.018867924528302	107
51	2.0588235294117645	105
53	2.018867924528302	107
52	1.9615384615384615	102
51	2.0	102
54	1.9814814814814814	107
50	2.04	102
57	1.9473684210526316	111
53	2.056603773584906	109
52	2.0	104
51	2.019607843137255	103
51	1.9607843137254901	100
51	2.0	102
56	1.9821428571428572	111
54	1.9814814814814814	107
54	2.0	108
52	2.019230769230769	105
51	1.9803921568627452	101
53	2.0	106
54	2.037037037037037	110
50	2.02	101
53	1.9811320754716981	105
54	2.0185185185185186	109
57	2.017543859649123	115
52	2.0384615384615383	106
51	2.0	102
51	1.9803921568627452	101
55	2.0	110
51	1.9411764705882353	99
58	2.0172413793103448	117
54	1.962962962962963	106
55	2.018181818181818	111
55	2.036363636363636	112
55	1.9636363636363636	108
54	2.0185185185185186	109
49	2.0	98
57	2.0	114
52	1.9807692307692308	103
54	1.9814814814814814	107
52	2.0	104
57	1.9649122807017543	112
53	2.018867924528302	107
52	1.9807692307692308	103
51	2.0392156862745097	104
51	1.9803921568627452	101
52	1.9807692307692308	103
55	1.981818181818182	109
50	1.96	98
53	2.0	106
56	1.9642857142857142	110
50	2.02	101
53	2.0	106
56	2.0357142857142856	114
52	2.0	104
49	1.9795918367346939	97
53	1.9811320754716981	105
51	2.019607843137255	103
53	1.9811320754716981	105
51	2.019607843137255	103
53	2.0377358490566038	108
51	2.0	102
56	1.9821428571428572	111
53	1.9811320754716981	105
52	2.0	104
51	1.9803921568627452	101
52	1.9807692307692308	103
51	2.019607843137255	103
50	1.94	97
56	1.9821428571428572	111
51	1.9607843137254901	100
52	1.9615384615384615	102
56	2.017857142857143	113
58	1.9827586206896552	115
54	1.9814814814814814	107
50	1.98	99
51	2.019607843137255	103
51	1.9607843137254901	100
54	2.0	108
50	1.98	99
51	2.019607843137255	103
51	2.0	102
51	2.0392156862745097	104
53	2.0	106
55	1.981818181818182	109
51	1.9607843137254901	100
56	2.017857142857143	113
54	2.0	108
54	2.0	108
53	2.0	106
57	1.9824561403508771	113
53	2.0	106
53	2.018867924528302	107
54	2.0	108
52	1.9615384615384615	102
56	1.9821428571428572	111
54	2.0185185185185186	109
52	2.0	104
50	2.04	102
54	1.962962962962963	106
50	2.02	101
51	2.0	102
51	2.019607843137255	103
52	2.0	104
49	2.0	98
51	2.0392156862745097	104
53	2.018867924528302	107
50	2.02	101
52	2.0	104
51	1.9411764705882353	99
55	1.981818181818182	109
56	2.017857142857143	113
51	2.0392156862745097	104
52	1.9423076923076923	101
54	2.0	108
50	1.96	98
53	2.018867924528302	107
54	1.9814814814814814	107
52	2.0	104
52	2.019230769230769	105
52	1.9807692307692308	103
55	1.981818181818182	109
53	2.0377358490566038	108
52	2.019230769230769	105
51	2.0392156862745097	104
52	2.019230769230769	105
51	1.9607843137254901	100
50	2.0	100
50	1.96	98
56	2.0	112
53	2.018867924528302	107
56	1.9821428571428572	111
54	1.9814814814814814	107
53	2.018867924528302	107
53	1.9811320754716981	105
54	2.037037037037037	110
54	2.0	108
55	2.0	110
54	2.0	108
52	2.0	104
52	2.019230769230769	105
52	2.0384615384615383	106
50	2.06	103
51	2.0	102
56	2.0	112
54	2.0	108
50	2.0	100
48	1.9791666666666667	95
53	1.9622641509433962	104
50	2.02	101
52	1.9807692307692308	103
54	1.9814814814814814	107
52	2.0	104
54	2.0	108
52	1.9807692307692308	103
55	2.0	110
53	1.9811320754716981	105
53	2.0	106
52	2.019230769230769	105
56	2.017857142857143	113
52	1.9807692307692308	103
53	1.9811320754716981	105
56	2.0	112
51	2.019607843137255	103
52	1.9807692307692308	103
53	2.056603773584906	109
56	2.0	112
52	1.9807692307692308	103
56	2.0	112
52	2.019230769230769	105
52	2.0	104
50	2.02	101
52	1.9615384615384615	102
53	2.0	106
48	2.0208333333333335	97
50	1.98	99
53	1.9622641509433962	104
49	1.9795918367346939	97
54	1.9814814814814814	107
53	2.0377358490566038	108
52	2.0576923076923075	107
53	1.9811320754716981	105
50	2.0	100
51	1.9607843137254901	100
56	1.9821428571428572	111
56	1.9821428571428572	111
47	2.0	94
55	2.0	110
55	2.018181818181818	111
51	2.019607843137255	103
52	2.0	104
53	1.9811320754716981	105
52	2.0	104
54	2.037037037037037	110
52	2.0384615384615383	106
52	2.0576923076923075	107
56	2.017857142857143	113
53	2.0	106
50	2.0	100
51	2.019607843137255	103
51	2.019607843137255	103
52	2.0384615384615383	106
55	2.0	110
57	2.0	114
56	2.017857142857143	113
50	1.98	99
51	2.019607843137255	103
53	2.0	106
54	2.0185185185185186	109
58	2.0517241379310347	119
55	2.090909090909091	115
53	2.0	106
54	1.962962962962963	106
53	2.0377358490566038	108
55	2.036363636363636	112
52	1.9807692307692308	103
51	1.9411764705882353	99
55	2.0	110
51	2.019607843137255	103
55	2.018181818181818	111
54	1.9814814814814814	107
54	2.074074074074074	112
54	2.074074074074074	112
52	1.9807692307692308	103
52	2.019230769230769	105
57	1.9824561403508771	113
52	1.9615384615384615	102
56	2.0357142857142856	114
51	2.0392156862745097	104
51	2.0	102
52	1.9807692307692308	103
53	2.0	106
55	2.0	110
56	2.017857142857143	113
56	2.0	112
56	2.0357142857142856	114
57	1.9473684210526316	111
51	2.019607843137255	103
49	1.9795918367346939	97
54	2.037037037037037	110
51	1.9803921568627452	101
52	2.0	104
55	2.0	110
52	2.076923076923077	108
56	2.0	112
52	2.019230769230769	105
56	1.9642857142857142	110
53	2.0	106
52	1.9230769230769231	100
53	1.9811320754716981	105
51	2.019607843137255	103
54	2.0	108
50	1.98	99
54	2.0185185185185186	109
52	2.0384615384615383	106
53	1.9811320754716981	105
54	2.0	108
53	2.0	106
50	2.02	101
58	2.0172413793103448	117
52	2.0576923076923075	107
51	1.9803921568627452	101
53	2.0	106
53	2.0377358490566038	108
52	2.076923076923077	108
56	2.0	112
53	2.0	106
54	2.0185185185185186	109
50	1.98	99
52	1.9615384615384615	102
48	1.9583333333333333	94
52	2.0384615384615383	106
52	1.9807692307692308	103
56	2.017857142857143	113
55	2.036363636363636	112
57	2.017543859649123	115
48	2.0208333333333335	97
53	1.9811320754716981	105
55	1.9454545454545455	107
53	1.9622641509433962	104
52	2.019230769230769	105
51	2.0	102
50	2.02	101
53	2.018867924528302	107
54	2.0185185185185186	109
53	2.0	106
50	2.02	101
55	1.981818181818182	109
53	2.018867924528302	107
51	2.0784313725490198	106
56	2.017857142857143	113
54	2.037037037037037	110
53	2.018867924528302	107
53	1.9811320754716981	105
53	2.0377358490566038	108
53	2.056603773584906	109
54	1.9814814814814814	107
55	1.9636363636363636	108
55	2.0	110
51	1.9803921568627452	101
50	2.02	101
54	2.0185185185185186	109
52	2.0384615384615383	106
49	2.0	98
53	1.9811320754716981	105
52	1.9807692307692308	103
53	2.0377358490566038	108
55	2.0	110
50	2.0	100
49	2.0	98
50	2.0	100
52	2.0384615384615383	106
54	2.0	108
54	2.0185185185185186	109
55	2.018181818181818	111
51	1.9803921568627452	101
53	2.018867924528302	107
54	1.9814814814814814	107
53	2.0	106
54	1.9814814814814814	107
51	1.9607843137254901	100
49	1.9795918367346939	97
56	2.0357142857142856	114
52	1.9807692307692308	103
55	2.0	110
52	2.019230769230769	105
54	2.0185185185185186	109
53	1.9433962264150944	103
55	2.036363636363636	112
52	2.0384615384615383	106
54	2.0185185185185186	109
53	1.9622641509433962	104
52	2.0	104
54	2.0185185185185186	109
46	2.0	92
52	1.9615384615384615	102
45	2.022222222222222	91
49	2.0408163265306123	100
49	2.0	98
51	1.9803921568627452	101
52	1.9807692307692308	103
52	2.019230769230769	105
54	1.962962962962963	106
50	1.96	98
56	1.9642857142857142	110
52	2.0384615384615383	106
55	1.981818181818182	109
51	2.0392156862745097	104
53	1.9811320754716981	105
51	2.0392156862745097	104
56	2.0	112
53	2.018867924528302	107
55	2.036363636363636	112
55	1.981818181818182	109
53	2.0377358490566038	108
51	1.9803921568627452	101
54	2.0	108
52	2.019230769230769	105
54	2.0185185185185186	109
53	1.9811320754716981	105
53	2.0	106
48	2.0208333333333335	97
48	2.0208333333333335	97
54	2.037037037037037	110
53	2.0377358490566038	108
55	2.036363636363636	112
52	2.019230769230769	105
53	1.9622641509433962	104
53	2.056603773584906	109
54	2.0	108
54	2.0	108
55	1.9454545454545455	107
49	2.0	98
51	1.9803921568627452	101
53	1.9622641509433962	104
55	1.9636363636363636	108
52	2.0	104
52	2.0576923076923075	107
52	2.0	104
53	2.018867924528302	107
48	2.0208333333333335	97
54	2.0555555555555554	111
54	1.962962962962963	106
56	1.9821428571428572	111
53	1.9811320754716981	105
54	2.0185185185185186	109
53	1.9622641509433962	104
53	2.018867924528302	107
50	1.98	99
50	1.96	98
54	1.9814814814814814	107
52	2.0384615384615383	106
54	1.9444444444444444	105
50	2.02	101
53	1.9622641509433962	104
52	2.019230769230769	105
52	1.9807692307692308	103
52	2.019230769230769	105
53	2.0377358490566038	108
53	2.018867924528302	107
54	1.962962962962963	106
51	2.0	102
51	2.019607843137255	103
50	1.94	97
53	1.9811320754716981	105
52	1.9807692307692308	103
54	2.0185185185185186	109
55	2.0	110
51	2.019607843137255	103
54	2.0	108
51	1.9803921568627452	101
52	1.9807692307692308	103
51	1.9411764705882353	99
53	1.9622641509433962	104
52	1.9807692307692308	103
54	2.037037037037037	110
53	1.9433962264150944	103
52	1.9615384615384615	102
53	2.0	106
54	1.962962962962963	106
57	2.0	114
51	2.0	102
52	2.0384615384615383	106
54	2.0185185185185186	109
53	2.018867924528302	107
54	2.0	108
52	1.9807692307692308	103
56	2.0357142857142856	114
48	2.0625	99
52	2.019230769230769	105
52	1.9807692307692308	103
53	2.0377358490566038	108
54	2.0185185185185186	109
53	2.018867924528302	107
47	1.9787234042553192	93
49	1.9591836734693877	96
51	2.019607843137255	103
52	2.0	104
53	2.018867924528302	107
49	2.061224489795918	101
54	1.9814814814814814	107
53	2.0	106
53	1.9811320754716981	105
55	1.981818181818182	109
53	2.0	106
53	1.9811320754716981	105
54	1.9814814814814814	107
55	2.0	110
54	2.0	108
56	1.9642857142857142	110
53	2.0	106
55	2.0	110
51	2.019607843137255	103
51	1.9803921568627452	101
55	2.036363636363636	112
51	2.0	102
54	1.962962962962963	106
52	2.0384615384615383	106
53	1.9433962264150944	103
54	2.0185185185185186	109
54	1.9814814814814814	107
52	2.019230769230769	105
54	1.9814814814814814	107
52	2.0	104
56	2.017857142857143	113
51	2.0392156862745097	104
51	1.9803921568627452	101
52	1.9807692307692308	103
53	2.0377358490566038	108
49	1.9795918367346939	97
51	1.9803921568627452	101
55	1.9636363636363636	108
53	1.9622641509433962	104
53	1.9622641509433962	104
50	2.02	101
54	1.962962962962963	106
50	1.98	99
56	2.0	112
54	1.9814814814814814	107
51	2.019607843137255	103
51	2.019607843137255	103
55	2.018181818181818	111
52	1.9423076923076923	101
50	2.02	101
55	2.0	110
52	1.9807692307692308	103
49	2.0	98
52	1.9807692307692308	103
51	1.9607843137254901	100
53	2.0	106
55	1.9636363636363636	108
53	1.9811320754716981	105
53	2.0	106
50	1.98	99
54	2.0	108
54	1.9814814814814814	107
53	1.9811320754716981	105
51	2.019607843137255	103
51	2.0	102
53	2.018867924528302	107
55	2.018181818181818	111
55	1.981818181818182	109
55	1.981818181818182	109
54	1.9814814814814814	107
50	2.04	102
51	2.0784313725490198	106
56	1.9642857142857142	110
55	1.9454545454545455	107
52	2.0	104
50	2.0	100
53	2.018867924528302	107
54	2.037037037037037	110
51	1.9803921568627452	101
48	1.9791666666666667	95
55	2.0	110
52	2.0	104
53	1.9433962264150944	103
55	2.0	110
48	1.9791666666666667	95
54	2.0185185185185186	109
55	1.9454545454545455	107
51	2.019607843137255	103
54	2.0555555555555554	111
49	2.0	98
55	1.981818181818182	109
52	2.019230769230769	105
54	1.9814814814814814	107
53	1.9811320754716981	105
54	2.0	108
49	1.9591836734693877	96
55	2.018181818181818	111
54	1.9814814814814814	107
53	2.018867924528302	107
55	1.981818181818182	109
55	2.036363636363636	112
56	2.0	112
48	2.0	96
50	2.02	101
53	2.0	106
49	2.020408163265306	99
53	1.9622641509433962	104
54	1.962962962962963	106
53	2.0	106
54	2.0185185185185186	109
53	2.0377358490566038	108
50	2.02	101
52	1.9807692307692308	103
52	1.9807692307692308	103
54	2.037037037037037	110
54	1.9814814814814814	107
55	2.0	110
53	1.9811320754716981	105
53	1.9811320754716981	105
53	1.9622641509433962	104
53	1.9811320754716981	105
55	1.981818181818182	109
53	2.018867924528302	107
53	2.0377358490566038	108
51	1.9607843137254901	100
54	2.0185185185185186	109
53	2.0377358490566038	108
53	1.9622641509433962	104
52	2.0576923076923075	107
55	1.9636363636363636	108
54	1.9814814814814814	107
53	2.0377358490566038	108
53	1.9622641509433962	104
48	2.0833333333333335	100
52	2.0384615384615383	106
56	2.017857142857143	113
56	1.9642857142857142	110
54	1.9814814814814814	107
52	1.9615384615384615	102
52	2.0	104
55	2.0	110
55	1.9636363636363636	108
56	2.0	112
52	2.019230769230769	105
55	2.0	110
52	1.9807692307692308	103
55	2.018181818181818	111
53	2.018867924528302	107
54	1.962962962962963	106
53	1.9811320754716981	105
50	2.0	100
52	1.9807692307692308	103
51	2.019607843137255	103
53	2.0	106
57	1.9824561403508771	113
56	2.017857142857143	113
52	2.0384615384615383	106
53	1.9622641509433962	104
53	1.9622641509433962	104
53	2.018867924528302	107
53	2.0	106
55	2.0	110
54	1.9814814814814814	107
54	2.037037037037037	110
56	2.017857142857143	113
55	2.0545454545454547	113
54	1.9814814814814814	107
48	2.0416666666666665	98
53	2.0	106
53	2.0377358490566038	108
53	2.018867924528302	107
54	2.0	108
52	1.9807692307692308	103
55	1.981818181818182	109
55	2.0	110
52	2.0	104
54	2.0	108
56	2.0357142857142856	114
52	2.0	104
57	2.0	114
55	1.9636363636363636	108
54	1.962962962962963	106
50	2.04	102
49	2.020408163265306	99
52	2.019230769230769	105
53	1.9811320754716981	105
54	2.0	108
51	1.9803921568627452	101
53	2.018867924528302	107
53	2.0	106
50	1.96	98
56	1.9642857142857142	110
52	2.0	104
54	2.0185185185185186	109
54	2.0	108
52	2.019230769230769	105
52	2.0	104
51	2.0	102
55	1.981818181818182	109
53	1.9811320754716981	105
52	1.9615384615384615	102
51	2.0	102
54	2.0	108
53	2.0	106
54	2.0185185185185186	109
53	2.0377358490566038	108
55	1.981818181818182	109
51	1.9215686274509804	98
51	2.0392156862745097	104
55	2.0	110
52	2.0384615384615383	106
52	2.0	104
56	2.0	112
53	1.9811320754716981	105
55	2.0	110
48	1.9791666666666667	95
51	1.9803921568627452	101
53	2.018867924528302	107
46	1.9782608695652173	91
51	1.9803921568627452	101
53	1.9811320754716981	105
53	2.0377358490566038	108
53	2.0	106
53	1.9622641509433962	104
53	1.9811320754716981	105
50	2.0	100
53	2.056603773584906	109
55	2.0	110
52	2.0576923076923075	107
50	2.04	102
51	2.0392156862745097	104
57	2.0350877192982457	116
53	2.0754716981132075	110
51	2.019607843137255	103
54	2.0	108
53	1.9811320754716981	105
54	2.037037037037037	110
55	1.981818181818182	109
52	2.019230769230769	105
54	2.0	108
52	1.9807692307692308	103
51	2.019607843137255	103
57	2.0350877192982457	116
52	1.9807692307692308	103
55	2.0	110
54	2.0185185185185186	109
51	2.0	102
53	1.9622641509433962	104
51	1.9607843137254901	100
55	2.018181818181818	111
53	2.018867924528302	107
52	2.0	104
50	2.0	100
54	1.9814814814814814	107
54	2.0185185185185186	109
55	1.9636363636363636	108
53	2.056603773584906	109
55	2.0	110
54	2.0	108
54	2.0185185185185186	109
53	2.0	106
56	2.017857142857143	113
51	2.0	102
54	1.9444444444444444	105
55	2.018181818181818	111
55	1.981818181818182	109
56	2.0	112
50	2.1	105
54	2.037037037037037	110
54	2.0	108
55	1.981818181818182	109
55	1.9636363636363636	108
58	2.0172413793103448	117
55	2.0	110
56	2.017857142857143	113
51	1.9803921568627452	101
54	2.0	108
51	2.0	102
57	2.017543859649123	115
52	1.9807692307692308	103
52	1.9615384615384615	102
54	1.9444444444444444	105
54	2.0	108
53	2.0	106
54	1.9814814814814814	107
55	2.0	110
53	2.0377358490566038	108
54	1.9814814814814814	107
50	2.02	101
53	1.9811320754716981	105
53	2.0	106
54	2.0	108
54	1.9814814814814814	107
51	1.9803921568627452	101
53	2.0754716981132075	110
56	2.017857142857143	113
51	2.0	102
51	1.9803921568627452	101
56	2.017857142857143	113
51	2.0392156862745097	104
52	2.0	104
52	1.9423076923076923	101
53	1.9811320754716981	105
54	2.0185185185185186	109
54	1.962962962962963	106
57	2.0	114
50	2.0	100
54	2.0185185185185186	109
51	2.019607843137255	103
55	2.0	110
54	2.0185185185185186	109
49	2.020408163265306	99
54	2.0	108
55	2.018181818181818	111
51	2.0	102
50	2.02	101
55	2.036363636363636	112
54	2.0185185185185186	109
52	2.0	104
51	2.019607843137255	103
52	2.0	104
57	1.9824561403508771	113
54	1.9814814814814814	107
53	2.018867924528302	107
54	2.0185185185185186	109
54	2.0	108
54	1.9814814814814814	107
55	2.0	110
50	2.04	102
54	1.9814814814814814	107
56	1.9285714285714286	108
52	2.019230769230769	105
53	1.9622641509433962	104
55	1.981818181818182	109
51	2.019607843137255	103
53	2.0	106
50	1.96	98
48	2.0208333333333335	97
54	1.9814814814814814	107
55	1.9636363636363636	108
51	2.0392156862745097	104
53	2.0	106
53	2.0	106
51	2.0	102
51	2.019607843137255	103
53	1.9811320754716981	105
56	2.0	112
50	1.98	99
57	2.0526315789473686	117
54	2.0185185185185186	109
53	1.9433962264150944	103
51	1.9607843137254901	100
54	2.037037037037037	110
57	2.017543859649123	115
54	1.9814814814814814	107
55	1.981818181818182	109
54	2.0555555555555554	111
53	2.0	106
58	1.9482758620689655	113
55	2.0	110
52	2.0384615384615383	106
52	1.9615384615384615	102
57	1.9824561403508771	113
54	2.0185185185185186	109
52	2.0576923076923075	107
52	2.0	104
51	2.019607843137255	103
56	1.9464285714285714	109
54	2.037037037037037	110
57	2.0	114
54	1.9814814814814814	107
56	1.9821428571428572	111
49	2.0	98
55	1.981818181818182	109
50	2.04	102
54	1.9814814814814814	107
51	2.019607843137255	103
50	2.02	101
50	1.98	99
53	1.9622641509433962	104
54	2.0	108
56	2.017857142857143	113
52	1.9807692307692308	103
52	1.9807692307692308	103
54	1.962962962962963	106
53	2.0	106
53	2.056603773584906	109
55	2.0545454545454547	113
53	2.018867924528302	107
53	2.0377358490566038	108
52	2.0	104
54	2.0185185185185186	109
55	2.018181818181818	111
51	2.0	102
50	1.98	99
56	1.9821428571428572	111
52	2.0	104
52	2.0	104
50	2.0	100
52	1.9615384615384615	102
51	2.019607843137255	103
54	2.037037037037037	110
52	1.9807692307692308	103
54	2.0	108
52	1.9807692307692308	103
51	1.9803921568627452	101
51	2.0588235294117645	105
55	1.9636363636363636	108
Distance	120	91	105.805
Approximation	2.1	1.9215686274509804	2.00085087991566
120	91	105.805	2.1	1.9215686274509804	2.00085087991566
