Lower Bound	Approximation	Operations
166	1.9457831325301205	323
164	1.9329268292682926	317
166	1.9457831325301205	323
162	1.9691358024691359	319
163	1.9631901840490797	320
160	1.95625	313
169	1.9289940828402368	326
162	1.9567901234567902	317
162	1.9691358024691359	319
155	1.9741935483870967	306
161	1.9875776397515528	320
156	1.9102564102564104	298
156	1.955128205128205	305
164	1.9817073170731707	325
157	1.9872611464968153	312
156	1.935897435897436	302
163	1.9141104294478528	312
155	1.9806451612903226	307
164	1.9390243902439024	318
156	1.9743589743589745	308
162	1.9876543209876543	322
164	1.9390243902439024	318
160	1.94375	311
158	1.9556962025316456	309
156	1.9679487179487178	307
158	1.9303797468354431	305
160	1.925	308
160	1.925	308
169	1.970414201183432	333
153	1.9607843137254901	300
155	1.935483870967742	300
154	1.9025974025974026	293
161	1.9937888198757765	321
158	1.9493670886075949	308
156	1.9423076923076923	303
166	1.9457831325301205	323
161	1.9565217391304348	315
164	1.9390243902439024	318
167	1.9461077844311376	325
155	1.9483870967741936	302
157	1.9554140127388535	307
158	1.9177215189873418	303
160	1.9625	314
159	1.9371069182389937	308
165	1.9212121212121211	317
159	1.9433962264150944	309
160	1.95625	313
163	2.0	326
159	1.9056603773584906	303
161	1.9006211180124224	306
160	1.95625	313
160	1.9625	314
157	1.929936305732484	303
156	1.935897435897436	302
164	1.9146341463414633	314
155	1.9935483870967743	309
163	1.98159509202454	323
158	1.9873417721518987	314
164	1.9878048780487805	326
152	1.9342105263157894	294
159	1.9811320754716981	315
164	1.9268292682926829	316
163	1.9447852760736197	317
154	1.9545454545454546	301
159	1.9371069182389937	308
162	1.962962962962963	318
160	1.94375	311
155	1.961290322580645	304
160	1.96875	315
158	1.9556962025316456	309
161	1.9627329192546583	316
153	1.9803921568627452	303
159	1.949685534591195	310
168	1.9464285714285714	327
159	1.9559748427672956	311
161	1.9565217391304348	315
156	1.9679487179487178	307
163	1.9570552147239264	319
156	2.0128205128205128	314
154	1.9545454545454546	301
161	1.9192546583850931	309
165	1.9757575757575758	326
164	1.9390243902439024	318
163	2.0061349693251533	327
158	1.9556962025316456	309
161	1.9751552795031055	318
162	1.9382716049382716	314
158	1.9620253164556962	310
156	1.9102564102564104	298
157	1.929936305732484	303
158	1.9873417721518987	314
162	1.9567901234567902	317
161	1.9751552795031055	318
161	1.950310559006211	314
161	1.937888198757764	312
159	1.9559748427672956	311
155	1.967741935483871	305
160	1.9625	314
160	1.94375	311
152	1.9605263157894737	298
158	1.879746835443038	297
161	1.9440993788819876	313
166	1.9698795180722892	327
158	1.9683544303797469	311
164	1.975609756097561	324
159	1.9559748427672956	311
156	1.9807692307692308	309
159	1.9622641509433962	312
162	1.9567901234567902	317
158	1.9683544303797469	311
162	1.9567901234567902	317
151	1.9470198675496688	294
156	1.935897435897436	302
163	1.9141104294478528	312
154	1.9610389610389611	302
157	1.980891719745223	311
155	1.967741935483871	305
165	1.9212121212121211	317
160	1.96875	315
158	1.9873417721518987	314
169	1.9763313609467457	334
156	1.9102564102564104	298
165	1.9393939393939394	320
155	1.967741935483871	305
162	1.9814814814814814	321
167	1.9161676646706587	320
154	1.948051948051948	300
158	1.9493670886075949	308
151	1.9536423841059603	295
159	1.9371069182389937	308
160	1.95625	313
161	1.937888198757764	312
161	1.9316770186335404	311
163	1.9447852760736197	317
165	1.915151515151515	316
158	1.9683544303797469	311
159	1.9559748427672956	311
165	1.9757575757575758	326
157	1.9490445859872612	306
162	1.9259259259259258	312
165	1.9090909090909092	315
166	1.9698795180722892	327
164	1.9268292682926829	316
161	1.9565217391304348	315
156	1.9166666666666667	299
161	1.9813664596273293	319
163	1.950920245398773	318
151	1.9536423841059603	295
161	1.9254658385093169	310
151	1.9470198675496688	294
161	1.968944099378882	317
161	1.950310559006211	314
169	1.9644970414201184	332
162	1.9197530864197532	311
160	1.9625	314
163	1.9754601226993864	322
159	1.9811320754716981	315
155	1.903225806451613	295
149	1.9463087248322148	290
162	1.962962962962963	318
160	1.95	312
161	1.9440993788819876	313
157	1.9171974522292994	301
157	1.9426751592356688	305
160	1.925	308
158	1.9620253164556962	310
165	1.9878787878787878	328
154	1.974025974025974	304
157	1.929936305732484	303
151	1.9470198675496688	294
157	1.9490445859872612	306
157	1.910828025477707	300
157	1.9363057324840764	304
163	1.9447852760736197	317
163	1.901840490797546	310
155	1.9741935483870967	306
158	1.9683544303797469	311
157	1.9426751592356688	305
167	1.9580838323353293	327
165	1.9212121212121211	317
162	1.9506172839506173	316
163	1.950920245398773	318
164	1.9268292682926829	316
165	1.9393939393939394	320
160	1.975	316
163	1.9263803680981595	314
164	1.9634146341463414	322
154	1.922077922077922	296
165	1.9393939393939394	320
161	1.9875776397515528	320
160	1.95625	313
161	1.9254658385093169	310
163	1.9631901840490797	320
155	1.9741935483870967	306
151	1.9602649006622517	296
149	1.9664429530201342	293
161	1.9813664596273293	319
161	1.9006211180124224	306
159	1.9685534591194969	313
161	1.9440993788819876	313
163	1.9202453987730062	313
157	1.9936305732484076	313
158	1.8924050632911393	299
158	1.9556962025316456	309
161	2.012422360248447	324
163	1.969325153374233	321
154	1.9545454545454546	301
163	1.969325153374233	321
163	1.950920245398773	318
157	1.9745222929936306	310
163	1.969325153374233	321
158	1.9936708860759493	315
159	1.9937106918238994	317
166	1.9698795180722892	327
161	1.906832298136646	307
165	1.9696969696969697	325
162	1.9382716049382716	314
154	1.9610389610389611	302
158	1.9620253164556962	310
163	1.9447852760736197	317
147	1.9523809523809523	287
154	1.9545454545454546	301
163	1.9141104294478528	312
151	1.8874172185430464	285
159	1.9559748427672956	311
165	1.9575757575757575	323
164	1.9390243902439024	318
165	1.9757575757575758	326
158	1.9430379746835442	307
163	1.9631901840490797	320
164	1.9695121951219512	323
153	1.9607843137254901	300
162	1.9506172839506173	316
159	1.9685534591194969	313
160	1.95625	313
156	1.9615384615384615	306
161	1.9130434782608696	308
162	1.9074074074074074	309
159	1.9433962264150944	309
162	1.9382716049382716	314
160	1.94375	311
157	1.929936305732484	303
166	1.9337349397590362	321
161	1.9130434782608696	308
156	1.955128205128205	305
162	1.9135802469135803	310
168	1.9464285714285714	327
156	1.9487179487179487	304
165	1.9272727272727272	318
157	1.9363057324840764	304
170	1.9529411764705882	332
155	1.9419354838709677	301
160	1.93125	309
163	1.9325153374233128	315
162	1.9814814814814814	321
160	1.9375	310
156	1.9294871794871795	301
154	1.948051948051948	300
157	1.9171974522292994	301
163	1.9141104294478528	312
157	1.9554140127388535	307
159	1.930817610062893	307
160	1.94375	311
159	1.9874213836477987	316
159	1.930817610062893	307
159	1.9622641509433962	312
159	1.9685534591194969	313
159	1.9622641509433962	312
160	1.98125	317
163	1.9447852760736197	317
160	1.9375	310
160	1.95625	313
168	1.9226190476190477	323
157	1.929936305732484	303
157	1.9363057324840764	304
164	1.9695121951219512	323
157	1.910828025477707	300
154	1.948051948051948	300
147	1.9931972789115646	293
163	1.9754601226993864	322
157	1.9617834394904459	308
166	1.9759036144578312	328
162	1.9135802469135803	310
156	1.9423076923076923	303
164	1.9634146341463414	322
163	1.9386503067484662	316
164	1.9390243902439024	318
154	1.974025974025974	304
154	1.9415584415584415	299
160	1.925	308
158	1.9240506329113924	304
168	1.9702380952380953	331
162	1.9876543209876543	322
158	1.9556962025316456	309
154	1.9675324675324675	303
159	1.949685534591195	310
157	1.9681528662420382	309
157	1.9554140127388535	307
159	1.9685534591194969	313
157	1.9936305732484076	313
152	1.9539473684210527	297
166	1.9578313253012047	325
155	1.935483870967742	300
168	1.9285714285714286	324
157	1.9490445859872612	306
167	1.9520958083832336	326
155	1.967741935483871	305
155	1.9548387096774194	303
156	1.9935897435897436	311
166	1.9759036144578312	328
156	1.9743589743589745	308
159	1.9433962264150944	309
157	1.9617834394904459	308
160	1.925	308
164	1.951219512195122	320
162	1.9753086419753085	320
155	1.935483870967742	300
158	1.9556962025316456	309
164	1.9451219512195121	319
161	1.937888198757764	312
169	1.9763313609467457	334
158	1.9303797468354431	305
162	1.9382716049382716	314
163	1.9263803680981595	314
168	1.9702380952380953	331
157	1.929936305732484	303
161	1.9627329192546583	316
160	1.9625	314
159	1.9685534591194969	313
159	1.9748427672955975	314
152	1.986842105263158	302
155	1.9548387096774194	303
150	1.94	291
157	1.9554140127388535	307
155	1.935483870967742	300
164	1.9451219512195121	319
155	1.9935483870967743	309
154	1.9545454545454546	301
162	1.9506172839506173	316
152	1.9605263157894737	298
163	1.9325153374233128	315
166	1.9518072289156627	324
164	1.9390243902439024	318
152	1.9407894736842106	295
167	1.9341317365269461	323
156	1.9487179487179487	304
161	1.9751552795031055	318
155	1.9870967741935484	308
155	1.9483870967741936	302
158	1.9556962025316456	309
161	1.9813664596273293	319
159	1.9371069182389937	308
160	1.9625	314
161	1.906832298136646	307
167	1.9940119760479043	333
163	1.9447852760736197	317
162	1.9320987654320987	313
164	1.9390243902439024	318
163	1.9631901840490797	320
170	1.9176470588235295	326
161	1.9627329192546583	316
160	1.94375	311
157	1.9745222929936306	310
166	1.9337349397590362	321
162	1.9876543209876543	322
162	1.9814814814814814	321
162	1.9259259259259258	312
153	1.9673202614379084	301
156	1.9679487179487178	307
163	1.9141104294478528	312
152	1.9671052631578947	299
162	1.9444444444444444	315
159	1.949685534591195	310
159	1.9245283018867925	306
157	1.9363057324840764	304
162	1.962962962962963	318
158	1.9430379746835442	307
164	1.9268292682926829	316
161	1.968944099378882	317
161	1.9813664596273293	319
160	1.9625	314
164	1.9695121951219512	323
156	1.9743589743589745	308
157	1.980891719745223	311
163	1.9263803680981595	314
157	1.9235668789808917	302
155	1.961290322580645	304
158	1.9367088607594938	306
167	1.964071856287425	328
155	1.961290322580645	304
162	1.9444444444444444	315
158	1.9493670886075949	308
160	1.95	312
161	1.968944099378882	317
169	1.982248520710059	335
167	1.9221556886227544	321
158	1.9746835443037976	312
164	1.9939024390243902	327
158	1.9303797468354431	305
158	1.9493670886075949	308
162	1.9814814814814814	321
167	1.910179640718563	319
160	1.9375	310
167	1.964071856287425	328
155	1.9419354838709677	301
162	1.9876543209876543	322
159	1.9874213836477987	316
157	1.9554140127388535	307
160	1.9375	310
163	1.9877300613496933	324
159	1.9371069182389937	308
154	1.9415584415584415	299
156	1.9679487179487178	307
155	1.9419354838709677	301
161	1.9627329192546583	316
154	1.9935064935064934	307
157	1.9681528662420382	309
161	1.9751552795031055	318
162	1.9938271604938271	323
160	1.96875	315
161	1.9813664596273293	319
153	1.973856209150327	302
154	1.9285714285714286	297
158	1.9240506329113924	304
158	1.981012658227848	313
163	1.9202453987730062	313
166	1.9397590361445782	322
160	1.96875	315
156	1.9679487179487178	307
157	1.9745222929936306	310
157	1.9745222929936306	310
154	1.9805194805194806	305
158	1.9620253164556962	310
158	1.9873417721518987	314
163	1.9202453987730062	313
156	2.0	312
154	1.9675324675324675	303
157	1.9171974522292994	301
164	1.9329268292682926	317
155	1.9483870967741936	302
164	1.9695121951219512	323
165	1.9272727272727272	318
162	1.9506172839506173	316
153	1.9869281045751634	304
160	1.96875	315
163	1.9447852760736197	317
159	1.9748427672955975	314
166	1.9819277108433735	329
159	1.9874213836477987	316
162	1.9506172839506173	316
159	1.9622641509433962	312
163	1.9263803680981595	314
164	1.920731707317073	315
163	1.950920245398773	318
159	1.930817610062893	307
157	1.9363057324840764	304
160	1.99375	319
157	1.9235668789808917	302
154	1.9675324675324675	303
159	1.9622641509433962	312
161	1.9192546583850931	309
156	1.9230769230769231	300
165	1.9575757575757575	323
163	1.9447852760736197	317
164	1.9390243902439024	318
149	1.9731543624161074	294
157	1.9617834394904459	308
162	1.962962962962963	318
161	1.9316770186335404	311
162	1.9814814814814814	321
157	1.9235668789808917	302
158	1.9683544303797469	311
163	1.9325153374233128	315
162	1.9691358024691359	319
164	1.9146341463414633	314
161	1.937888198757764	312
155	1.961290322580645	304
161	1.9937888198757765	321
162	1.9444444444444444	315
158	1.9493670886075949	308
155	1.9419354838709677	301
166	1.9698795180722892	327
164	1.9451219512195121	319
154	1.9675324675324675	303
163	1.9202453987730062	313
152	1.9736842105263157	300
164	1.9939024390243902	327
158	1.9430379746835442	307
158	1.9493670886075949	308
154	1.9610389610389611	302
162	1.9691358024691359	319
159	1.9559748427672956	311
157	1.9171974522292994	301
159	1.9371069182389937	308
167	1.9940119760479043	333
165	1.9454545454545455	321
159	1.949685534591195	310
153	1.9803921568627452	303
156	1.9807692307692308	309
161	1.9565217391304348	315
156	1.955128205128205	305
159	1.9748427672955975	314
165	1.9575757575757575	323
160	1.975	316
162	1.9567901234567902	317
167	1.9461077844311376	325
149	1.9798657718120805	295
157	1.9490445859872612	306
162	1.9691358024691359	319
161	1.9565217391304348	315
170	1.923529411764706	327
150	1.9533333333333334	293
163	1.9202453987730062	313
154	1.9805194805194806	305
160	1.925	308
161	1.9627329192546583	316
160	1.925	308
169	1.9467455621301775	329
155	1.967741935483871	305
161	1.9627329192546583	316
156	1.9679487179487178	307
158	1.9620253164556962	310
162	1.9320987654320987	313
168	1.9226190476190477	323
161	1.9627329192546583	316
150	1.96	294
160	1.9875	318
159	1.9748427672955975	314
155	1.903225806451613	295
159	1.930817610062893	307
160	1.94375	311
162	1.9506172839506173	316
152	1.9407894736842106	295
162	1.9382716049382716	314
153	1.9215686274509804	294
157	1.9490445859872612	306
159	1.9245283018867925	306
161	1.9627329192546583	316
162	1.9074074074074074	309
161	1.950310559006211	314
160	1.95	312
160	1.95625	313
159	1.9748427672955975	314
158	1.9620253164556962	310
153	1.9607843137254901	300
160	1.925	308
159	1.9119496855345912	304
157	1.9554140127388535	307
168	1.9107142857142858	321
161	1.950310559006211	314
149	1.9664429530201342	293
161	1.9565217391304348	315
161	1.9627329192546583	316
157	1.9426751592356688	305
157	1.9681528662420382	309
161	1.968944099378882	317
165	1.9333333333333333	319
158	1.9556962025316456	309
155	1.9483870967741936	302
159	1.9811320754716981	315
165	1.9393939393939394	320
164	1.9146341463414633	314
163	1.969325153374233	321
159	1.9371069182389937	308
158	1.9746835443037976	312
161	1.9565217391304348	315
158	1.9746835443037976	312
157	1.9235668789808917	302
157	1.9490445859872612	306
162	1.9320987654320987	313
159	1.9748427672955975	314
162	1.9567901234567902	317
155	1.9483870967741936	302
159	1.930817610062893	307
166	1.9578313253012047	325
164	1.9329268292682926	317
161	1.906832298136646	307
156	2.0064102564102564	313
161	1.9565217391304348	315
160	1.95	312
166	1.9457831325301205	323
163	1.9447852760736197	317
162	1.9753086419753085	320
158	1.9430379746835442	307
162	1.9506172839506173	316
163	1.9263803680981595	314
163	1.883435582822086	307
161	1.9751552795031055	318
162	1.9444444444444444	315
161	1.906832298136646	307
164	1.9268292682926829	316
157	1.9617834394904459	308
161	1.9627329192546583	316
158	1.9493670886075949	308
163	1.950920245398773	318
161	1.8819875776397517	303
153	1.9542483660130718	299
159	1.9685534591194969	313
156	1.9615384615384615	306
155	1.9483870967741936	302
161	1.9440993788819876	313
162	1.9691358024691359	319
158	1.9556962025316456	309
157	1.9681528662420382	309
156	1.9294871794871795	301
155	1.9548387096774194	303
158	1.9367088607594938	306
161	1.9565217391304348	315
160	1.9375	310
159	1.9371069182389937	308
159	1.930817610062893	307
164	1.9390243902439024	318
153	1.9477124183006536	298
166	1.9759036144578312	328
162	1.9259259259259258	312
164	1.9573170731707317	321
164	1.975609756097561	324
160	1.95625	313
167	1.9580838323353293	327
163	1.969325153374233	321
161	1.937888198757764	312
157	1.910828025477707	300
163	1.950920245398773	318
157	1.9363057324840764	304
161	1.9192546583850931	309
156	1.9166666666666667	299
164	1.9329268292682926	317
169	1.9644970414201184	332
161	1.950310559006211	314
165	1.9454545454545455	321
154	1.9350649350649352	298
162	1.9567901234567902	317
162	1.9382716049382716	314
163	1.9079754601226995	311
159	1.9182389937106918	305
154	2.0194805194805197	311
162	1.962962962962963	318
162	1.9506172839506173	316
157	1.9745222929936306	310
158	1.9683544303797469	311
156	1.955128205128205	305
162	1.9444444444444444	315
168	1.9464285714285714	327
159	1.9685534591194969	313
153	1.9607843137254901	300
163	1.9877300613496933	324
156	1.9487179487179487	304
155	1.9741935483870967	306
163	1.9631901840490797	320
165	1.9333333333333333	319
154	1.9675324675324675	303
162	1.9444444444444444	315
159	1.9559748427672956	311
154	1.9415584415584415	299
168	1.9523809523809523	328
160	1.95625	313
153	1.9607843137254901	300
163	1.9263803680981595	314
161	1.9627329192546583	316
165	1.9393939393939394	320
158	1.9873417721518987	314
161	1.9440993788819876	313
164	1.9634146341463414	322
155	1.935483870967742	300
164	1.951219512195122	320
154	1.9870129870129871	306
165	1.9212121212121211	317
156	1.9807692307692308	309
167	1.9461077844311376	325
156	1.9935897435897436	311
162	1.9506172839506173	316
165	1.9757575757575758	326
153	1.9411764705882353	297
155	1.864516129032258	289
163	1.9570552147239264	319
161	1.9627329192546583	316
160	1.9375	310
158	1.9493670886075949	308
161	1.937888198757764	312
159	1.9622641509433962	312
162	1.9506172839506173	316
164	1.9573170731707317	321
157	1.9745222929936306	310
156	1.9230769230769231	300
155	1.935483870967742	300
163	1.9877300613496933	324
167	1.964071856287425	328
168	1.9821428571428572	333
161	1.950310559006211	314
162	1.8950617283950617	307
162	1.9382716049382716	314
155	1.9548387096774194	303
159	1.9559748427672956	311
166	1.9457831325301205	323
164	1.975609756097561	324
162	1.962962962962963	318
168	1.9345238095238095	325
158	1.9556962025316456	309
162	1.9444444444444444	315
157	1.9490445859872612	306
160	2.0125	322
158	1.9620253164556962	310
159	1.9119496855345912	304
153	1.9673202614379084	301
162	1.9753086419753085	320
163	1.9447852760736197	317
163	1.9447852760736197	317
159	1.949685534591195	310
152	1.980263157894737	301
161	1.9316770186335404	311
158	1.9683544303797469	311
160	1.9	304
160	1.98125	317
159	1.949685534591195	310
161	1.950310559006211	314
158	1.9430379746835442	307
165	1.981818181818182	327
161	1.9006211180124224	306
164	1.920731707317073	315
166	1.9457831325301205	323
164	1.9329268292682926	317
158	1.9620253164556962	310
163	1.9386503067484662	316
161	1.9751552795031055	318
159	1.9685534591194969	313
160	1.95625	313
166	1.9759036144578312	328
160	1.95	312
158	1.9493670886075949	308
161	1.9627329192546583	316
163	1.950920245398773	318
160	1.975	316
158	1.981012658227848	313
160	1.98125	317
158	1.9367088607594938	306
158	1.9430379746835442	307
161	1.9254658385093169	310
160	1.9875	318
159	1.9622641509433962	312
156	1.9487179487179487	304
158	1.9556962025316456	309
166	1.8975903614457832	315
163	1.950920245398773	318
158	1.9367088607594938	306
161	1.9254658385093169	310
163	1.9447852760736197	317
156	1.955128205128205	305
162	1.9506172839506173	316
159	1.9811320754716981	315
158	1.9177215189873418	303
163	1.9202453987730062	313
161	1.968944099378882	317
161	1.950310559006211	314
159	1.9685534591194969	313
159	1.9622641509433962	312
160	1.925	308
163	1.9570552147239264	319
158	1.9556962025316456	309
158	1.9493670886075949	308
162	1.9444444444444444	315
158	1.9556962025316456	309
154	1.9090909090909092	294
158	1.9177215189873418	303
162	1.9567901234567902	317
159	1.9622641509433962	312
156	1.9615384615384615	306
156	1.955128205128205	305
168	1.9642857142857142	330
158	1.9683544303797469	311
159	1.9559748427672956	311
162	1.9753086419753085	320
161	1.9627329192546583	316
156	2.019230769230769	315
159	1.9371069182389937	308
156	2.0064102564102564	313
163	1.969325153374233	321
162	1.9320987654320987	313
157	1.9426751592356688	305
163	1.9631901840490797	320
157	1.9617834394904459	308
155	1.9548387096774194	303
160	1.94375	311
165	1.981818181818182	327
168	1.9226190476190477	323
160	1.98125	317
158	1.9683544303797469	311
155	1.9483870967741936	302
153	1.9411764705882353	297
159	1.930817610062893	307
160	1.9625	314
169	1.9171597633136095	324
161	1.9130434782608696	308
161	1.9440993788819876	313
160	1.9375	310
160	1.9625	314
156	1.9423076923076923	303
155	1.9806451612903226	307
155	1.9806451612903226	307
164	1.9573170731707317	321
164	1.9390243902439024	318
164	1.9390243902439024	318
166	1.9216867469879517	319
154	1.9805194805194806	305
156	1.9487179487179487	304
162	1.9753086419753085	320
160	1.96875	315
156	1.9807692307692308	309
158	1.9556962025316456	309
161	1.9627329192546583	316
158	1.9746835443037976	312
154	1.974025974025974	304
159	1.9811320754716981	315
158	1.9430379746835442	307
164	1.9451219512195121	319
162	1.9506172839506173	316
161	1.9565217391304348	315
159	1.9559748427672956	311
161	1.9813664596273293	319
160	1.9625	314
164	1.9634146341463414	322
168	1.9821428571428572	333
157	1.9745222929936306	310
156	1.935897435897436	302
163	1.9754601226993864	322
158	1.9493670886075949	308
158	1.8987341772151898	300
162	1.9567901234567902	317
156	1.9615384615384615	306
163	1.9447852760736197	317
164	1.9146341463414633	314
168	1.9404761904761905	326
163	1.9631901840490797	320
165	1.9272727272727272	318
159	1.9748427672955975	314
156	1.955128205128205	305
162	1.9814814814814814	321
161	1.9627329192546583	316
153	1.9607843137254901	300
160	1.9875	318
155	1.935483870967742	300
168	1.9880952380952381	334
156	1.9487179487179487	304
159	1.930817610062893	307
160	1.9625	314
156	1.9423076923076923	303
160	1.93125	309
160	1.91875	307
168	1.9404761904761905	326
156	1.9679487179487178	307
162	1.8950617283950617	307
165	1.9454545454545455	321
157	1.980891719745223	311
162	1.9753086419753085	320
153	1.934640522875817	296
158	1.9746835443037976	312
163	1.9631901840490797	320
157	1.929936305732484	303
156	1.9615384615384615	306
155	1.9483870967741936	302
158	1.9620253164556962	310
153	1.9215686274509804	294
151	1.9470198675496688	294
165	2.0	330
157	1.9745222929936306	310
163	1.969325153374233	321
164	1.9390243902439024	318
163	1.9570552147239264	319
164	1.975609756097561	324
160	1.95	312
169	1.9289940828402368	326
160	1.9625	314
152	1.980263157894737	301
158	1.9620253164556962	310
164	1.9268292682926829	316
157	1.9363057324840764	304
156	1.955128205128205	305
161	1.968944099378882	317
166	1.927710843373494	320
156	1.955128205128205	305
164	1.9268292682926829	316
164	1.9573170731707317	321
163	1.950920245398773	318
157	1.9745222929936306	310
158	1.981012658227848	313
161	1.9875776397515528	320
154	1.922077922077922	296
165	1.9515151515151514	322
151	1.966887417218543	297
158	2.0	316
163	1.950920245398773	318
161	1.9627329192546583	316
155	1.9161290322580644	297
156	1.9743589743589745	308
159	1.9622641509433962	312
160	1.94375	311
160	1.94375	311
165	1.9636363636363636	324
157	1.9936305732484076	313
163	1.9325153374233128	315
164	1.951219512195122	320
160	1.9375	310
155	1.929032258064516	299
160	1.95625	313
163	1.9263803680981595	314
161	1.9440993788819876	313
158	1.9430379746835442	307
158	1.9936708860759493	315
165	1.9333333333333333	319
161	1.9440993788819876	313
164	1.951219512195122	320
160	1.94375	311
159	1.9182389937106918	305
156	1.9679487179487178	307
157	1.9490445859872612	306
160	1.94375	311
162	1.9259259259259258	312
155	2.0	310
157	1.9554140127388535	307
156	1.9615384615384615	306
159	1.9622641509433962	312
158	1.981012658227848	313
157	1.9617834394904459	308
153	1.908496732026144	292
160	1.95	312
161	1.9627329192546583	316
160	1.9375	310
155	1.961290322580645	304
164	1.9329268292682926	317
158	1.9556962025316456	309
163	1.9570552147239264	319
155	1.9806451612903226	307
159	1.9371069182389937	308
161	1.9813664596273293	319
159	1.949685534591195	310
160	1.9375	310
159	1.9685534591194969	313
164	1.9390243902439024	318
152	1.9605263157894737	298
160	2.0	320
160	1.9	304
155	1.961290322580645	304
160	1.95	312
155	1.961290322580645	304
159	1.930817610062893	307
163	1.9754601226993864	322
154	1.9415584415584415	299
159	1.9874213836477987	316
162	1.9444444444444444	315
166	1.9698795180722892	327
167	1.9281437125748504	322
154	1.9675324675324675	303
161	1.9440993788819876	313
162	1.9382716049382716	314
161	1.950310559006211	314
158	1.9303797468354431	305
158	1.9556962025316456	309
154	1.974025974025974	304
156	1.9487179487179487	304
154	1.9415584415584415	299
164	1.9634146341463414	322
157	1.9617834394904459	308
160	1.95	312
163	1.969325153374233	321
163	1.9202453987730062	313
162	1.9691358024691359	319
160	1.9625	314
157	1.9426751592356688	305
161	1.9192546583850931	309
158	2.0	316
156	1.9743589743589745	308
155	1.9483870967741936	302
158	1.9620253164556962	310
154	1.9285714285714286	297
161	1.968944099378882	317
157	1.9617834394904459	308
164	1.9451219512195121	319
162	1.9444444444444444	315
157	1.9554140127388535	307
162	1.962962962962963	318
166	1.9337349397590362	321
164	1.9329268292682926	317
159	1.9433962264150944	309
157	1.9681528662420382	309
160	1.9125	306
155	1.9741935483870967	306
159	1.9622641509433962	312
166	1.9397590361445782	322
164	1.9878048780487805	326
166	1.9216867469879517	319
164	1.9146341463414633	314
156	1.9679487179487178	307
160	1.925	308
162	1.9444444444444444	315
159	1.9433962264150944	309
163	1.9202453987730062	313
159	1.9622641509433962	312
167	1.9341317365269461	323
166	1.9698795180722892	327
153	1.9542483660130718	299
153	1.9673202614379084	301
Distance	335	285	311.99
Approximation	2.0194805194805197	1.864516129032258	1.95227215201792
335	285	311.99	2.0194805194805197	1.864516129032258	1.95227215201792
