Lower Bound	Approximation	Operations
98	3.020408163265306	296
93	2.924731182795699	272
94	3.0106382978723403	283
99	2.9797979797979797	295
94	2.9893617021276597	281
100	2.92	292
100	2.97	297
98	2.989795918367347	293
98	2.979591836734694	292
97	3.0309278350515463	294
96	3.0104166666666665	289
96	3.0416666666666665	292
97	2.948453608247423	286
97	3.0103092783505154	292
98	3.0	294
101	3.00990099009901	304
101	2.98019801980198	301
98	3.020408163265306	296
99	2.9797979797979797	295
102	2.9901960784313726	305
100	2.98	298
99	2.98989898989899	296
99	3.01010101010101	298
101	2.99009900990099	302
99	2.9494949494949494	292
102	3.0294117647058822	309
100	2.99	299
95	2.9789473684210526	283
97	2.979381443298969	289
98	2.989795918367347	293
95	2.968421052631579	282
96	3.0208333333333335	290
103	2.9902912621359223	308
101	2.9702970297029703	300
101	2.98019801980198	301
97	2.9896907216494846	290
99	3.0202020202020203	299
96	2.9895833333333335	287
96	2.9791666666666665	286
96	3.0	288
92	2.967391304347826	273
95	2.9894736842105263	284
96	2.9791666666666665	286
92	2.9347826086956523	270
98	2.9693877551020407	291
98	2.9489795918367347	289
99	2.9494949494949494	292
96	3.0104166666666665	289
98	2.989795918367347	293
99	2.95959595959596	293
97	2.9690721649484537	288
96	2.9895833333333335	287
93	3.043010752688172	283
96	3.0104166666666665	289
97	2.979381443298969	289
102	2.9215686274509802	298
100	3.03	303
100	2.91	291
96	3.0520833333333335	293
101	2.98019801980198	301
97	2.9896907216494846	290
98	2.989795918367347	293
95	2.968421052631579	282
93	2.989247311827957	278
98	3.010204081632653	295
102	3.0294117647058822	309
98	2.989795918367347	293
101	2.98019801980198	301
98	2.9285714285714284	287
97	2.9690721649484537	288
94	3.0638297872340425	288
102	2.950980392156863	301
96	3.0104166666666665	289
98	2.979591836734694	292
97	3.0	291
104	2.9134615384615383	303
102	2.911764705882353	297
96	2.96875	285
98	3.010204081632653	295
100	2.97	297
102	2.9411764705882355	300
99	2.95959595959596	293
101	2.9603960396039604	299
98	2.9591836734693877	290
99	2.9797979797979797	295
102	2.9607843137254903	302
94	2.9468085106382977	277
98	2.979591836734694	292
100	2.98	298
99	2.95959595959596	293
102	2.950980392156863	301
99	3.0	297
99	3.01010101010101	298
103	2.9611650485436893	305
100	2.94	294
104	2.9038461538461537	302
100	2.97	297
97	2.9896907216494846	290
97	3.020618556701031	293
95	2.957894736842105	281
101	2.9702970297029703	300
98	3.010204081632653	295
95	3.0105263157894737	286
97	2.9690721649484537	288
97	3.0103092783505154	292
97	2.979381443298969	289
98	2.989795918367347	293
100	2.99	299
100	3.02	302
97	3.0412371134020617	295
99	3.0202020202020203	299
99	3.01010101010101	298
104	2.9711538461538463	309
103	2.9805825242718447	307
100	2.97	297
96	2.9895833333333335	287
102	2.950980392156863	301
102	2.9705882352941178	303
96	2.9791666666666665	286
101	2.9702970297029703	300
102	2.980392156862745	304
100	3.01	301
97	2.979381443298969	289
103	2.970873786407767	306
95	3.0842105263157893	293
98	2.9591836734693877	290
102	2.9705882352941178	303
102	3.019607843137255	308
100	2.99	299
106	2.9339622641509435	311
102	3.0098039215686274	307
98	3.0	294
97	3.0	291
102	2.9313725490196076	299
92	2.967391304347826	273
101	3.0	303
97	3.0	291
97	3.0	291
103	3.0	309
102	2.980392156862745	304
100	3.07	307
100	2.96	296
99	3.0	297
101	2.9702970297029703	300
100	2.93	293
98	2.979591836734694	292
99	2.9696969696969697	294
100	2.99	299
95	3.042105263157895	289
98	2.9489795918367347	289
99	2.9696969696969697	294
99	2.9696969696969697	294
92	3.032608695652174	279
101	2.9702970297029703	300
100	2.92	292
100	3.03	303
102	2.9705882352941178	303
101	3.00990099009901	304
94	3.0531914893617023	287
93	3.0	279
101	2.9207920792079207	295
97	3.0103092783505154	292
102	2.950980392156863	301
97	2.979381443298969	289
98	2.9489795918367347	289
100	2.96	296
99	3.0707070707070705	304
98	2.9285714285714284	287
102	2.9411764705882355	300
99	3.0	297
100	2.98	298
94	3.021276595744681	284
96	2.9270833333333335	281
96	2.9479166666666665	283
99	2.9696969696969697	294
98	3.0	294
95	2.9473684210526314	280
97	3.0309278350515463	294
101	2.99009900990099	302
102	2.950980392156863	301
99	2.98989898989899	296
98	3.010204081632653	295
104	3.0384615384615383	316
99	2.98989898989899	296
102	2.9313725490196076	299
96	2.96875	285
96	2.9895833333333335	287
99	2.9696969696969697	294
95	3.0105263157894737	286
98	3.020408163265306	296
100	2.94	294
100	3.02	302
95	3.0	285
99	2.9797979797979797	295
99	2.98989898989899	296
96	3.0104166666666665	289
100	2.99	299
95	3.0210526315789474	287
102	2.980392156862745	304
98	3.0	294
101	2.9504950495049505	298
102	3.0098039215686274	307
99	2.9696969696969697	294
95	2.9473684210526314	280
101	2.9603960396039604	299
99	2.9797979797979797	295
101	3.0297029702970297	306
99	3.0303030303030303	300
95	2.9894736842105263	284
102	3.019607843137255	308
100	2.98	298
101	3.01980198019802	305
99	2.9696969696969697	294
100	2.98	298
98	2.979591836734694	292
101	3.0	303
97	2.979381443298969	289
102	2.9607843137254903	302
102	3.0098039215686274	307
100	3.01	301
97	3.0	291
94	3.021276595744681	284
93	3.021505376344086	281
100	3.0	300
99	2.98989898989899	296
96	3.0208333333333335	290
96	2.9479166666666665	283
97	3.0103092783505154	292
101	2.98019801980198	301
96	3.0104166666666665	289
99	2.9797979797979797	295
97	2.948453608247423	286
96	3.0416666666666665	292
97	3.0103092783505154	292
96	2.9479166666666665	283
98	2.9591836734693877	290
96	3.0	288
99	3.0	297
100	2.99	299
97	3.0	291
98	3.020408163265306	296
95	2.9894736842105263	284
93	3.010752688172043	280
93	3.021505376344086	281
99	2.9797979797979797	295
94	2.9893617021276597	281
94	3.074468085106383	289
99	2.9494949494949494	292
95	3.0210526315789474	287
98	3.020408163265306	296
94	2.9574468085106385	278
97	2.9690721649484537	288
97	2.979381443298969	289
99	3.0	297
97	3.020618556701031	293
100	2.97	297
98	2.9693877551020407	291
96	3.0104166666666665	289
97	2.979381443298969	289
97	2.9896907216494846	290
96	2.9791666666666665	286
101	3.00990099009901	304
101	2.9504950495049505	298
101	2.9504950495049505	298
96	2.9270833333333335	281
99	2.9797979797979797	295
100	2.96	296
94	2.9574468085106385	278
100	2.97	297
101	2.9702970297029703	300
103	3.0097087378640777	310
100	2.98	298
97	2.9587628865979383	287
101	3.0396039603960396	307
97	2.9896907216494846	290
94	2.9893617021276597	281
100	3.0	300
100	2.98	298
97	3.0	291
97	3.0309278350515463	294
96	3.0	288
99	2.95959595959596	293
97	2.979381443298969	289
103	3.0679611650485437	316
97	2.9381443298969074	285
100	2.99	299
97	3.0	291
96	3.0104166666666665	289
98	3.020408163265306	296
100	2.97	297
98	3.010204081632653	295
102	3.019607843137255	308
93	3.010752688172043	280
100	2.99	299
95	2.968421052631579	282
98	3.020408163265306	296
95	2.9894736842105263	284
99	2.98989898989899	296
95	3.0210526315789474	287
102	2.9705882352941178	303
97	2.9896907216494846	290
96	3.0	288
97	2.979381443298969	289
99	3.0202020202020203	299
98	3.010204081632653	295
97	2.9587628865979383	287
100	2.99	299
101	3.00990099009901	304
99	2.98989898989899	296
99	2.909090909090909	288
99	2.9797979797979797	295
98	2.989795918367347	293
98	2.989795918367347	293
99	3.01010101010101	298
100	3.05	305
97	2.979381443298969	289
97	2.9896907216494846	290
97	3.0309278350515463	294
100	3.0	300
99	2.95959595959596	293
100	3.02	302
98	3.020408163265306	296
95	2.9894736842105263	284
99	2.98989898989899	296
102	2.9705882352941178	303
94	2.9893617021276597	281
98	2.9591836734693877	290
97	3.0412371134020617	295
99	3.01010101010101	298
98	2.989795918367347	293
100	2.97	297
99	3.01010101010101	298
100	3.04	304
101	2.9504950495049505	298
101	2.99009900990099	302
101	2.99009900990099	302
95	3.094736842105263	294
97	2.9690721649484537	288
100	2.95	295
101	2.98019801980198	301
96	3.0	288
100	2.98	298
100	3.01	301
101	2.99009900990099	302
102	2.980392156862745	304
99	2.9696969696969697	294
96	2.9583333333333335	284
97	3.020618556701031	293
93	3.010752688172043	280
99	2.98989898989899	296
94	3.021276595744681	284
95	2.9894736842105263	284
97	3.020618556701031	293
96	2.8854166666666665	277
96	3.0104166666666665	289
98	3.0	294
101	3.0396039603960396	307
101	2.98019801980198	301
97	2.9587628865979383	287
96	3.0625	294
101	3.0396039603960396	307
100	2.97	297
95	3.0	285
102	3.0098039215686274	307
100	3.0	300
99	3.0202020202020203	299
98	3.010204081632653	295
97	3.0103092783505154	292
99	2.98989898989899	296
96	2.9791666666666665	286
97	3.020618556701031	293
99	2.9393939393939394	291
99	3.0202020202020203	299
98	3.010204081632653	295
97	3.0309278350515463	294
101	3.0	303
94	3.0319148936170213	285
98	2.9489795918367347	289
98	2.9489795918367347	289
101	2.9603960396039604	299
95	2.9368421052631577	279
102	3.019607843137255	308
98	2.989795918367347	293
96	3.0208333333333335	290
99	3.0	297
95	2.9894736842105263	284
97	2.9690721649484537	288
99	2.9494949494949494	292
100	2.96	296
100	2.97	297
96	3.0729166666666665	295
99	2.9797979797979797	295
98	2.9183673469387754	286
99	3.01010101010101	298
99	3.0	297
103	2.9805825242718447	307
102	2.9901960784313726	305
99	2.98989898989899	296
100	3.03	303
99	3.0202020202020203	299
101	2.98019801980198	301
96	2.9895833333333335	287
101	3.0297029702970297	306
100	3.0	300
96	3.0	288
95	2.957894736842105	281
99	2.9797979797979797	295
100	2.95	295
94	2.978723404255319	280
93	3.010752688172043	280
99	2.9393939393939394	291
98	3.020408163265306	296
99	2.95959595959596	293
98	2.9591836734693877	290
97	2.9896907216494846	290
99	3.0	297
100	2.89	289
100	2.98	298
100	2.95	295
98	2.9489795918367347	289
99	3.0606060606060606	303
101	2.9603960396039604	299
98	3.0510204081632653	299
96	3.03125	291
97	2.979381443298969	289
98	2.979591836734694	292
99	2.9797979797979797	295
98	2.979591836734694	292
99	2.9696969696969697	294
100	2.97	297
98	3.020408163265306	296
95	2.9789473684210526	283
100	2.98	298
94	2.9893617021276597	281
95	3.031578947368421	288
95	2.9789473684210526	283
98	2.9693877551020407	291
100	2.98	298
102	2.9411764705882355	300
99	2.9797979797979797	295
98	3.010204081632653	295
101	3.0297029702970297	306
101	2.891089108910891	292
99	2.9797979797979797	295
95	3.0210526315789474	287
97	3.0412371134020617	295
97	2.9896907216494846	290
94	2.9574468085106385	278
99	3.0	297
96	2.9895833333333335	287
99	2.98989898989899	296
98	2.9693877551020407	291
96	2.9583333333333335	284
97	2.948453608247423	286
95	2.9789473684210526	283
98	3.020408163265306	296
104	3.019230769230769	314
99	3.0	297
105	2.980952380952381	313
97	3.0103092783505154	292
94	2.978723404255319	280
95	2.9894736842105263	284
101	3.0297029702970297	306
102	2.980392156862745	304
99	2.9797979797979797	295
99	3.0303030303030303	300
96	2.9479166666666665	283
94	3.021276595744681	284
91	2.9450549450549453	268
98	2.989795918367347	293
101	2.9702970297029703	300
98	3.020408163265306	296
103	3.0388349514563107	313
100	3.0	300
96	3.0	288
103	3.0097087378640777	310
96	3.0208333333333335	290
98	3.010204081632653	295
99	3.0303030303030303	300
99	3.080808080808081	305
94	2.9893617021276597	281
101	2.9603960396039604	299
102	2.950980392156863	301
101	2.9603960396039604	299
100	3.0	300
99	2.98989898989899	296
102	2.9901960784313726	305
96	2.9583333333333335	284
100	2.99	299
100	2.98	298
97	2.948453608247423	286
104	2.9615384615384617	308
96	2.96875	285
101	2.9405940594059405	297
97	2.9587628865979383	287
97	3.0	291
96	3.0	288
100	2.99	299
100	3.03	303
100	2.98	298
100	3.03	303
102	3.0588235294117645	312
101	3.0	303
94	2.9680851063829787	279
98	2.9591836734693877	290
97	3.020618556701031	293
93	2.967741935483871	276
99	3.01010101010101	298
98	3.0	294
102	3.0098039215686274	307
105	2.961904761904762	311
102	2.980392156862745	304
92	3.010869565217391	277
100	3.02	302
101	3.00990099009901	304
102	2.9901960784313726	305
97	2.9896907216494846	290
103	3.0	309
96	3.0	288
97	2.979381443298969	289
95	3.0210526315789474	287
100	2.99	299
95	3.031578947368421	288
94	2.9574468085106385	278
100	3.03	303
104	3.0096153846153846	313
102	3.0	306
102	3.0	306
97	3.0	291
95	2.9894736842105263	284
102	3.0	306
94	2.9893617021276597	281
99	2.9797979797979797	295
101	2.9702970297029703	300
100	2.99	299
98	3.020408163265306	296
102	3.0	306
98	3.020408163265306	296
103	2.9611650485436893	305
99	3.0	297
92	3.032608695652174	279
99	3.04040404040404	301
98	3.0408163265306123	298
99	2.98989898989899	296
93	2.978494623655914	277
101	2.881188118811881	291
98	2.938775510204082	288
99	2.9494949494949494	292
99	2.95959595959596	293
96	2.9895833333333335	287
94	3.0	282
96	3.0416666666666665	292
100	2.98	298
96	3.0	288
97	2.979381443298969	289
101	3.0	303
102	3.0294117647058822	309
101	2.99009900990099	302
98	2.989795918367347	293
103	2.9514563106796117	304
97	2.979381443298969	289
96	3.0104166666666665	289
95	2.9263157894736844	278
96	3.0625	294
97	3.0412371134020617	295
101	3.00990099009901	304
96	3.0416666666666665	292
95	2.9894736842105263	284
100	2.97	297
102	2.9901960784313726	305
97	3.0309278350515463	294
100	2.99	299
98	2.979591836734694	292
97	2.979381443298969	289
99	3.0	297
96	2.9583333333333335	284
92	3.032608695652174	279
102	3.0294117647058822	309
94	2.978723404255319	280
96	2.9791666666666665	286
91	2.956043956043956	269
100	2.97	297
98	2.9693877551020407	291
94	2.978723404255319	280
97	3.0	291
100	2.97	297
98	2.979591836734694	292
102	3.0	306
101	3.00990099009901	304
100	2.97	297
92	2.9782608695652173	274
98	2.989795918367347	293
100	2.98	298
94	2.9893617021276597	281
94	2.9680851063829787	279
101	2.99009900990099	302
99	3.01010101010101	298
95	3.0105263157894737	286
93	2.913978494623656	271
103	3.0	309
100	3.02	302
100	2.98	298
98	2.9591836734693877	290
99	3.0202020202020203	299
98	2.989795918367347	293
96	3.0104166666666665	289
98	2.979591836734694	292
95	3.0	285
102	2.9215686274509802	298
98	3.0	294
96	2.9791666666666665	286
98	2.9591836734693877	290
98	2.9591836734693877	290
98	3.0408163265306123	298
98	3.061224489795918	300
98	2.979591836734694	292
98	2.938775510204082	288
98	3.020408163265306	296
100	2.98	298
96	2.9375	282
101	3.0297029702970297	306
97	3.0309278350515463	294
98	3.020408163265306	296
99	2.9797979797979797	295
91	2.989010989010989	272
95	3.042105263157895	289
96	2.9791666666666665	286
95	3.0	285
100	2.99	299
101	2.9702970297029703	300
98	2.9693877551020407	291
102	3.019607843137255	308
100	3.0	300
96	2.9895833333333335	287
91	3.010989010989011	274
95	2.9789473684210526	283
102	2.9901960784313726	305
99	2.95959595959596	293
102	2.9901960784313726	305
95	3.0210526315789474	287
100	2.99	299
100	3.01	301
100	3.0	300
100	2.91	291
91	2.967032967032967	270
99	2.98989898989899	296
93	2.903225806451613	270
100	3.04	304
100	2.97	297
99	2.95959595959596	293
95	3.0210526315789474	287
95	2.9789473684210526	283
97	3.0103092783505154	292
100	3.02	302
97	2.9381443298969074	285
98	2.989795918367347	293
98	2.989795918367347	293
94	3.0638297872340425	288
98	2.989795918367347	293
96	3.03125	291
98	2.9285714285714284	287
98	2.979591836734694	292
94	2.9468085106382977	277
101	3.01980198019802	305
97	3.051546391752577	296
97	2.979381443298969	289
97	3.0103092783505154	292
97	2.9690721649484537	288
94	3.0319148936170213	285
100	2.96	296
97	3.020618556701031	293
101	3.0297029702970297	306
95	3.0	285
100	2.96	296
98	2.979591836734694	292
100	2.98	298
103	2.9902912621359223	308
96	2.9583333333333335	284
97	2.9896907216494846	290
102	3.0294117647058822	309
101	2.99009900990099	302
93	2.946236559139785	274
98	2.938775510204082	288
97	2.9896907216494846	290
97	3.0103092783505154	292
94	2.9574468085106385	278
101	2.99009900990099	302
99	3.01010101010101	298
104	2.9615384615384617	308
100	2.98	298
103	2.9902912621359223	308
98	2.989795918367347	293
99	3.0303030303030303	300
102	2.9411764705882355	300
101	2.99009900990099	302
96	2.9791666666666665	286
93	2.989247311827957	278
104	3.0	312
99	3.01010101010101	298
96	3.0416666666666665	292
96	2.9270833333333335	281
99	2.98989898989899	296
101	3.0	303
99	2.9797979797979797	295
105	2.9904761904761905	314
99	2.9797979797979797	295
98	2.979591836734694	292
103	3.029126213592233	312
103	3.0388349514563107	313
101	2.9504950495049505	298
104	3.0	312
101	3.0	303
98	3.010204081632653	295
99	2.98989898989899	296
99	2.9696969696969697	294
103	2.9902912621359223	308
101	2.99009900990099	302
98	2.979591836734694	292
100	3.0	300
100	2.94	294
103	2.941747572815534	303
97	2.9690721649484537	288
98	3.0	294
99	2.98989898989899	296
98	3.010204081632653	295
91	3.0	273
97	2.948453608247423	286
103	2.9611650485436893	305
100	2.99	299
96	3.0	288
98	3.0408163265306123	298
93	3.0	279
100	2.95	295
97	3.0103092783505154	292
102	2.950980392156863	301
100	2.96	296
100	3.02	302
100	2.95	295
101	2.9603960396039604	299
94	3.0531914893617023	287
99	2.9797979797979797	295
99	2.9696969696969697	294
98	3.0408163265306123	298
95	2.968421052631579	282
97	3.0103092783505154	292
97	2.9381443298969074	285
97	3.0	291
94	2.9893617021276597	281
97	2.9896907216494846	290
101	3.00990099009901	304
102	3.019607843137255	308
101	2.98019801980198	301
98	2.9591836734693877	290
97	2.948453608247423	286
98	3.010204081632653	295
96	2.9791666666666665	286
101	3.0	303
97	3.082474226804124	299
98	2.9693877551020407	291
99	3.0	297
95	2.9789473684210526	283
99	3.0	297
98	2.938775510204082	288
96	3.0104166666666665	289
98	2.989795918367347	293
98	2.989795918367347	293
102	3.0	306
96	2.9791666666666665	286
98	2.9591836734693877	290
99	2.98989898989899	296
100	2.99	299
95	3.0	285
94	2.9893617021276597	281
97	2.9381443298969074	285
96	3.0416666666666665	292
97	2.948453608247423	286
100	2.94	294
99	3.0	297
98	3.061224489795918	300
97	3.0103092783505154	292
102	3.019607843137255	308
96	3.0	288
98	3.0408163265306123	298
96	2.9895833333333335	287
98	2.9081632653061225	285
97	2.9690721649484537	288
94	2.9893617021276597	281
99	2.9696969696969697	294
99	2.98989898989899	296
96	2.9895833333333335	287
100	3.01	301
97	3.0	291
103	2.9514563106796117	304
99	3.01010101010101	298
97	3.0	291
99	2.98989898989899	296
96	2.9895833333333335	287
97	2.9690721649484537	288
97	3.0412371134020617	295
99	2.9494949494949494	292
97	3.051546391752577	296
96	3.0520833333333335	293
96	3.0	288
100	3.04	304
98	3.0	294
98	3.0306122448979593	297
94	3.0319148936170213	285
95	2.9789473684210526	283
100	3.0	300
96	3.0	288
100	2.98	298
98	3.0	294
97	3.0103092783505154	292
100	2.97	297
99	2.9393939393939394	291
103	2.9902912621359223	308
101	3.01980198019802	305
97	3.0103092783505154	292
97	3.0309278350515463	294
102	2.980392156862745	304
99	2.95959595959596	293
98	2.938775510204082	288
97	3.0309278350515463	294
95	2.9894736842105263	284
99	2.95959595959596	293
102	2.9901960784313726	305
103	3.029126213592233	312
99	2.95959595959596	293
102	2.9901960784313726	305
99	3.0	297
96	3.0	288
98	2.9591836734693877	290
97	3.0309278350515463	294
96	3.03125	291
94	3.0106382978723403	283
102	3.019607843137255	308
93	2.967741935483871	276
100	3.02	302
99	3.01010101010101	298
102	2.9705882352941178	303
102	3.0098039215686274	307
101	3.0297029702970297	306
94	3.0	282
104	3.0288461538461537	315
101	2.99009900990099	302
102	2.9705882352941178	303
101	2.99009900990099	302
102	3.0098039215686274	307
99	2.98989898989899	296
96	3.0208333333333335	290
96	3.0416666666666665	292
98	3.0	294
98	3.020408163265306	296
101	3.0	303
97	2.948453608247423	286
98	3.0306122448979593	297
106	3.009433962264151	319
101	3.0792079207920793	311
99	3.0	297
99	2.9797979797979797	295
94	2.9574468085106385	278
96	2.9895833333333335	287
99	3.01010101010101	298
98	2.979591836734694	292
95	3.0210526315789474	287
96	3.03125	291
96	3.0208333333333335	290
99	3.0	297
96	2.9895833333333335	287
96	3.0416666666666665	292
98	2.9489795918367347	289
99	3.01010101010101	298
97	2.979381443298969	289
96	2.9583333333333335	284
99	2.9393939393939394	291
94	3.0425531914893615	286
104	2.9326923076923075	305
98	2.938775510204082	288
94	3.0106382978723403	283
100	3.0	300
100	2.99	299
96	3.0	288
99	2.909090909090909	288
97	3.0412371134020617	295
99	3.04040404040404	301
94	3.0	282
101	3.0	303
98	2.9693877551020407	291
92	3.010869565217391	277
97	2.979381443298969	289
96	3.03125	291
101	2.98019801980198	301
94	2.978723404255319	280
100	2.92	292
94	2.9680851063829787	279
90	3.0	270
94	2.9468085106382977	277
101	2.9702970297029703	300
101	2.9702970297029703	300
93	3.0	279
97	2.9896907216494846	290
98	3.010204081632653	295
96	3.0208333333333335	290
96	3.0	288
99	2.9494949494949494	292
97	2.9690721649484537	288
97	2.9690721649484537	288
101	2.98019801980198	301
99	3.0606060606060606	303
95	2.9789473684210526	283
99	3.04040404040404	301
97	2.948453608247423	286
99	3.01010101010101	298
98	2.9591836734693877	290
99	3.0303030303030303	300
99	2.9797979797979797	295
103	2.9902912621359223	308
97	3.0309278350515463	294
100	2.95	295
97	3.0309278350515463	294
96	3.0104166666666665	289
98	3.010204081632653	295
98	2.9693877551020407	291
99	2.9292929292929295	290
100	2.97	297
98	2.979591836734694	292
103	2.970873786407767	306
100	2.93	293
98	2.989795918367347	293
97	2.9896907216494846	290
100	2.93	293
99	2.9696969696969697	294
98	3.020408163265306	296
95	3.0105263157894737	286
93	2.989247311827957	278
94	2.9468085106382977	277
103	2.9611650485436893	305
99	2.9797979797979797	295
100	2.98	298
102	3.0	306
100	3.0	300
97	2.9690721649484537	288
103	2.9805825242718447	307
95	3.0	285
94	2.9468085106382977	277
101	2.9405940594059405	297
98	3.010204081632653	295
98	2.989795918367347	293
94	2.9468085106382977	277
99	2.98989898989899	296
95	3.0631578947368423	291
100	2.99	299
102	3.019607843137255	308
100	3.0	300
97	2.979381443298969	289
99	2.98989898989899	296
100	2.96	296
100	2.97	297
100	2.96	296
96	2.9375	282
100	2.99	299
94	3.0319148936170213	285
96	3.03125	291
95	3.1157894736842104	296
100	3.01	301
100	2.98	298
102	3.0392156862745097	310
101	2.98019801980198	301
97	2.9690721649484537	288
94	2.9574468085106385	278
104	3.0288461538461537	315
97	3.0	291
97	2.979381443298969	289
103	3.0	309
98	2.989795918367347	293
97	2.9587628865979383	287
101	3.0396039603960396	307
96	3.03125	291
98	2.989795918367347	293
99	2.919191919191919	289
98	3.020408163265306	296
99	2.95959595959596	293
97	2.979381443298969	289
96	2.96875	285
99	2.9696969696969697	294
99	3.01010101010101	298
96	2.9895833333333335	287
94	2.978723404255319	280
95	3.0526315789473686	290
99	2.98989898989899	296
101	3.0297029702970297	306
99	3.0202020202020203	299
97	3.0103092783505154	292
102	3.0294117647058822	309
98	2.989795918367347	293
102	3.0	306
100	2.99	299
99	3.01010101010101	298
98	3.0	294
96	2.9583333333333335	284
Distance	319	268	293.889
Approximation	3.1157894736842104	2.881188118811881	2.98995045269261
319	268	293.889	3.1157894736842104	2.881188118811881	2.98995045269261
