Lower Bound	Approximation	Operations
161	3.0248447204968945	487
162	3.067901234567901	497
162	3.04320987654321	493
164	3.018292682926829	495
156	3.051282051282051	476
161	3.0683229813664594	494
166	2.9879518072289155	496
164	3.024390243902439	496
162	3.0308641975308643	491
162	3.0	486
163	3.0122699386503067	491
163	3.0552147239263805	498
159	2.981132075471698	474
160	3.03125	485
163	3.0122699386503067	491
163	3.01840490797546	492
163	3.03680981595092	495
164	3.042682926829268	499
162	3.0308641975308643	491
156	3.051282051282051	476
163	3.01840490797546	492
163	3.0061349693251533	490
161	3.0248447204968945	487
164	3.042682926829268	499
158	3.0253164556962027	478
160	3.00625	481
163	3.0122699386503067	491
162	3.0246913580246915	490
160	3.025	484
159	3.0	477
166	3.0542168674698793	507
162	3.0308641975308643	491
163	3.0306748466257667	494
160	3.0375	486
160	3.01875	483
159	3.0440251572327046	484
162	3.0246913580246915	490
167	3.0179640718562872	504
166	3.0180722891566263	501
163	3.0245398773006134	493
159	3.0377358490566038	483
164	3.0121951219512195	494
160	3.05625	489
161	3.049689440993789	491
161	2.9937888198757765	482
166	3.0180722891566263	501
161	3.0248447204968945	487
166	3.036144578313253	504
160	3.01875	483
159	3.0377358490566038	483
159	3.050314465408805	485
166	3.0240963855421685	502
161	3.049689440993789	491
162	3.037037037037037	492
164	3.018292682926829	495
162	3.0246913580246915	490
164	3.024390243902439	496
159	3.0377358490566038	483
162	3.006172839506173	487
157	3.050955414012739	479
165	3.018181818181818	498
166	3.0240963855421685	502
163	3.01840490797546	492
160	3.0125	482
166	3.0180722891566263	501
157	3.0127388535031847	473
164	3.0548780487804876	501
159	3.018867924528302	480
167	3.0419161676646707	508
159	3.0314465408805034	482
165	3.0242424242424244	499
163	3.01840490797546	492
162	3.0308641975308643	491
162	3.04320987654321	493
162	3.0246913580246915	490
161	2.9937888198757765	482
163	3.0245398773006134	493
160	3.01875	483
163	3.0061349693251533	490
160	3.025	484
161	3.0434782608695654	490
163	3.01840490797546	492
165	3.036363636363636	501
163	3.049079754601227	497
160	3.06875	491
165	3.012121212121212	497
158	3.018987341772152	477
158	3.0126582278481013	476
161	3.0	483
166	3.0120481927710845	500
165	3.0242424242424244	499
158	3.0063291139240507	475
164	3.0	492
161	3.031055900621118	488
165	3.0242424242424244	499
166	3.0301204819277108	503
163	3.03680981595092	495
164	3.0121951219512195	494
161	3.012422360248447	485
161	3.062111801242236	493
162	3.037037037037037	492
161	3.0248447204968945	487
168	3.0357142857142856	510
162	3.0246913580246915	490
158	3.018987341772152	477
159	3.018867924528302	480
162	3.0123456790123457	488
160	3.00625	481
163	3.042944785276074	496
167	2.9940119760479043	500
162	3.0308641975308643	491
162	3.037037037037037	492
155	3.0129032258064514	467
166	3.0120481927710845	500
167	3.0419161676646707	508
163	3.0245398773006134	493
160	3.0125	482
167	3.0119760479041915	503
165	3.006060606060606	496
162	3.04320987654321	493
164	3.042682926829268	499
160	3.00625	481
161	3.018633540372671	486
159	3.0251572327044025	481
163	3.0061349693251533	490
164	3.0365853658536586	498
166	3.0180722891566263	501
163	3.03680981595092	495
158	3.0316455696202533	479
163	3.0245398773006134	493
163	3.01840490797546	492
159	3.018867924528302	480
159	3.050314465408805	485
161	3.0434782608695654	490
159	3.0125786163522013	479
163	3.0306748466257667	494
165	3.0303030303030303	500
161	3.0062111801242235	484
166	3.0542168674698793	507
163	3.0	489
160	3.0125	482
164	3.0304878048780486	497
157	3.031847133757962	476
161	3.018633540372671	486
168	3.0238095238095237	508
160	3.00625	481
160	3.04375	487
166	3.0180722891566263	501
161	3.0434782608695654	490
166	3.0542168674698793	507
156	3.032051282051282	473
163	3.0245398773006134	493
161	3.012422360248447	485
159	3.018867924528302	480
165	3.012121212121212	497
164	3.042682926829268	499
162	3.049382716049383	494
162	3.0123456790123457	488
162	3.04320987654321	493
162	3.037037037037037	492
160	3.03125	485
165	3.0242424242424244	499
168	3.017857142857143	507
160	3.0375	486
158	3.0126582278481013	476
162	3.0308641975308643	491
163	3.01840490797546	492
160	3.05	488
163	3.0	489
161	3.031055900621118	488
162	3.0308641975308643	491
159	3.006289308176101	478
166	3.036144578313253	504
160	3.0125	482
164	3.024390243902439	496
163	3.01840490797546	492
163	3.042944785276074	496
163	3.0306748466257667	494
161	3.012422360248447	485
168	3.0238095238095237	508
160	3.025	484
162	3.037037037037037	492
165	3.018181818181818	498
163	2.9877300613496933	487
161	3.049689440993789	491
160	3.01875	483
164	3.048780487804878	500
162	3.0123456790123457	488
163	3.0306748466257667	494
161	3.012422360248447	485
157	3.0254777070063694	475
163	3.0061349693251533	490
162	3.04320987654321	493
163	3.0245398773006134	493
160	3.0	480
161	3.031055900621118	488
163	3.01840490797546	492
169	3.029585798816568	512
156	3.051282051282051	476
165	3.0303030303030303	500
163	3.042944785276074	496
160	3.05625	489
159	3.018867924528302	480
164	3.0060975609756095	493
161	3.0372670807453415	489
163	3.03680981595092	495
158	3.0063291139240507	475
166	3.0301204819277108	503
159	3.018867924528302	480
163	3.0122699386503067	491
161	3.012422360248447	485
166	3.0180722891566263	501
161	3.018633540372671	486
167	3.0179640718562872	504
164	3.018292682926829	495
167	3.0419161676646707	508
166	3.0	498
164	3.024390243902439	496
164	3.0121951219512195	494
167	2.9940119760479043	500
159	3.0251572327044025	481
164	3.0304878048780486	497
163	3.0306748466257667	494
165	3.0424242424242425	502
162	3.0308641975308643	491
162	3.049382716049383	494
161	2.9937888198757765	482
165	3.036363636363636	501
166	3.0120481927710845	500
164	3.048780487804878	500
162	3.04320987654321	493
160	3.01875	483
158	3.0316455696202533	479
164	3.0121951219512195	494
159	3.0314465408805034	482
157	3.0191082802547773	474
162	3.0123456790123457	488
165	3.006060606060606	496
162	3.0246913580246915	490
162	3.0308641975308643	491
160	3.0125	482
162	3.0308641975308643	491
157	3.0127388535031847	473
163	3.061349693251534	499
159	3.006289308176101	478
160	3.04375	487
161	3.0248447204968945	487
156	3.0064102564102564	469
164	3.0304878048780486	497
161	3.012422360248447	485
165	3.012121212121212	497
167	3.0239520958083834	505
164	3.0121951219512195	494
165	3.018181818181818	498
161	3.0372670807453415	489
167	3.0119760479041915	503
162	3.04320987654321	493
160	3.03125	485
164	3.0121951219512195	494
159	3.0314465408805034	482
165	3.006060606060606	496
166	3.0120481927710845	500
163	3.042944785276074	496
163	3.0	489
164	3.024390243902439	496
162	3.0246913580246915	490
163	3.0245398773006134	493
161	3.0372670807453415	489
159	3.0125786163522013	479
161	3.031055900621118	488
161	3.0372670807453415	489
164	3.0121951219512195	494
168	3.017857142857143	507
165	3.0	495
165	3.0242424242424244	499
163	2.9938650306748467	488
164	3.0365853658536586	498
163	3.0552147239263805	498
158	3.018987341772152	477
163	3.01840490797546	492
161	3.0	483
160	3.05	488
162	3.0185185185185186	489
167	3.035928143712575	507
162	3.0308641975308643	491
162	3.006172839506173	487
156	3.0128205128205128	470
162	3.0555555555555554	495
163	3.0122699386503067	491
166	3.0060240963855422	499
159	3.0440251572327046	484
163	3.0552147239263805	498
163	3.049079754601227	497
163	3.042944785276074	496
160	3.01875	483
160	3.025	484
167	3.0179640718562872	504
160	3.0125	482
161	3.0248447204968945	487
161	3.0062111801242235	484
161	3.0372670807453415	489
161	3.012422360248447	485
164	3.024390243902439	496
160	3.0375	486
163	3.0245398773006134	493
165	3.018181818181818	498
165	3.018181818181818	498
159	3.0251572327044025	481
155	3.0451612903225804	472
164	3.024390243902439	496
165	3.0	495
162	3.0185185185185186	489
165	3.036363636363636	501
160	3.03125	485
156	3.0256410256410255	472
160	3.075	492
162	3.0123456790123457	488
162	3.037037037037037	492
159	3.0440251572327046	484
163	3.0061349693251533	490
166	2.9879518072289155	496
165	3.018181818181818	498
158	3.0126582278481013	476
161	3.0248447204968945	487
157	3.038216560509554	477
162	3.0123456790123457	488
165	3.036363636363636	501
161	3.0372670807453415	489
159	3.0125786163522013	479
163	3.03680981595092	495
158	3.018987341772152	477
159	3.0	477
162	3.0	486
167	3.0479041916167664	509
164	3.0121951219512195	494
157	3.0445859872611467	478
162	3.0185185185185186	489
166	2.9879518072289155	496
160	3.0375	486
162	3.0246913580246915	490
161	3.0062111801242235	484
161	3.012422360248447	485
161	3.0434782608695654	490
162	3.0123456790123457	488
157	3.0127388535031847	473
159	3.006289308176101	478
160	3.025	484
167	3.0119760479041915	503
163	3.0122699386503067	491
160	3.075	492
163	3.0306748466257667	494
164	3.0121951219512195	494
160	3.01875	483
160	3.0375	486
159	3.050314465408805	485
162	3.0246913580246915	490
160	3.0	480
162	3.0617283950617282	496
161	3.031055900621118	488
158	2.9746835443037973	470
164	3.024390243902439	496
161	3.0248447204968945	487
161	3.062111801242236	493
162	3.0185185185185186	489
160	3.01875	483
161	3.031055900621118	488
164	3.0121951219512195	494
161	2.9937888198757765	482
162	3.006172839506173	487
165	3.0545454545454547	504
165	3.0303030303030303	500
157	3.0191082802547773	474
164	3.0060975609756095	493
163	3.0122699386503067	491
162	3.04320987654321	493
159	3.0754716981132075	489
168	2.994047619047619	503
165	3.0303030303030303	500
159	3.018867924528302	480
163	3.0306748466257667	494
159	3.0314465408805034	482
162	3.0246913580246915	490
164	3.0304878048780486	497
163	3.0122699386503067	491
162	3.0185185185185186	489
160	3.025	484
167	3.0059880239520957	502
158	3.0253164556962027	478
166	3.0421686746987953	505
159	3.0377358490566038	483
161	3.0248447204968945	487
165	3.036363636363636	501
161	3.0248447204968945	487
163	3.0	489
162	3.006172839506173	487
163	3.03680981595092	495
161	3.031055900621118	488
155	3.0258064516129033	469
166	3.0240963855421685	502
162	2.993827160493827	485
167	3.0479041916167664	509
161	3.018633540372671	486
160	3.0125	482
163	3.01840490797546	492
162	3.0246913580246915	490
163	3.0736196319018405	501
161	3.0372670807453415	489
161	3.012422360248447	485
163	3.042944785276074	496
164	3.0121951219512195	494
163	3.0061349693251533	490
161	3.031055900621118	488
160	3.0375	486
156	3.0448717948717947	475
164	3.067073170731707	503
162	3.0185185185185186	489
159	3.018867924528302	480
164	3.0121951219512195	494
162	3.0123456790123457	488
163	3.0306748466257667	494
160	3.0125	482
164	3.018292682926829	495
155	3.0258064516129033	469
163	3.0122699386503067	491
165	3.0242424242424244	499
163	3.0306748466257667	494
162	3.037037037037037	492
164	2.981707317073171	489
162	3.0308641975308643	491
166	3.036144578313253	504
156	3.0641025641025643	478
164	3.0365853658536586	498
166	3.0060240963855422	499
161	2.9937888198757765	482
164	3.0121951219512195	494
161	3.0559006211180124	492
162	3.049382716049383	494
162	3.0185185185185186	489
159	3.018867924528302	480
161	3.0434782608695654	490
163	3.0061349693251533	490
162	3.0185185185185186	489
162	3.0	486
163	3.0122699386503067	491
162	3.0246913580246915	490
159	3.0251572327044025	481
156	3.0256410256410255	472
164	3.0304878048780486	497
163	3.01840490797546	492
162	3.0185185185185186	489
158	3.0632911392405062	484
155	3.032258064516129	470
159	3.018867924528302	480
160	3.03125	485
164	3.042682926829268	499
162	3.006172839506173	487
160	3.00625	481
164	3.0121951219512195	494
157	3.0191082802547773	474
160	3.0	480
167	3.029940119760479	506
166	3.0602409638554215	508
163	3.067484662576687	500
162	3.0123456790123457	488
164	3.048780487804878	500
165	3.018181818181818	498
164	3.018292682926829	495
159	3.0125786163522013	479
163	3.0122699386503067	491
164	3.048780487804878	500
167	3.065868263473054	512
163	3.0245398773006134	493
160	3.0875	494
163	3.049079754601227	497
160	3.0375	486
160	3.04375	487
162	3.0246913580246915	490
164	3.0548780487804876	501
161	3.0062111801242235	484
161	3.012422360248447	485
161	3.031055900621118	488
159	3.018867924528302	480
163	3.0552147239263805	498
164	3.091463414634146	507
166	3.036144578313253	504
163	3.0306748466257667	494
164	3.018292682926829	495
158	3.0316455696202533	479
164	3.024390243902439	496
162	3.0555555555555554	495
160	3.03125	485
162	3.006172839506173	487
164	3.0060975609756095	493
164	3.0304878048780486	497
159	3.0314465408805034	482
165	3.036363636363636	501
162	3.0246913580246915	490
165	3.0303030303030303	500
164	3.024390243902439	496
162	3.006172839506173	487
165	3.018181818181818	498
161	3.0062111801242235	484
162	3.0123456790123457	488
165	3.0545454545454547	504
160	3.05	488
164	3.0365853658536586	498
163	3.067484662576687	500
158	3.0443037974683542	481
161	3.049689440993789	491
157	3.0191082802547773	474
161	3.062111801242236	493
162	3.0185185185185186	489
162	3.037037037037037	492
161	3.018633540372671	486
164	3.018292682926829	495
164	3.0060975609756095	493
162	3.049382716049383	494
161	3.012422360248447	485
167	3.0179640718562872	504
163	3.01840490797546	492
163	3.042944785276074	496
157	3.0127388535031847	473
155	3.0258064516129033	469
161	3.049689440993789	491
161	3.0559006211180124	492
162	3.0246913580246915	490
162	3.037037037037037	492
159	3.018867924528302	480
161	3.012422360248447	485
162	3.0308641975308643	491
167	3.0239520958083834	505
164	3.0121951219512195	494
164	3.0365853658536586	498
162	3.067901234567901	497
163	3.0061349693251533	490
164	3.0365853658536586	498
162	2.993827160493827	485
169	3.0414201183431953	514
164	3.0121951219512195	494
160	3.0	480
161	3.012422360248447	485
159	3.0377358490566038	483
156	2.9871794871794872	466
163	3.01840490797546	492
165	3.0242424242424244	499
162	3.0308641975308643	491
159	3.0251572327044025	481
161	3.031055900621118	488
165	3.0424242424242425	502
163	3.0245398773006134	493
163	3.03680981595092	495
162	3.0308641975308643	491
159	2.981132075471698	474
162	3.037037037037037	492
162	3.0185185185185186	489
165	3.006060606060606	496
165	3.018181818181818	498
163	3.03680981595092	495
160	3.03125	485
162	3.006172839506173	487
162	3.049382716049383	494
160	3.025	484
163	3.03680981595092	495
164	3.0304878048780486	497
160	2.9875	478
168	3.0416666666666665	511
163	3.0306748466257667	494
162	3.0185185185185186	489
160	3.01875	483
158	3.0253164556962027	478
165	3.018181818181818	498
157	3.0191082802547773	474
160	3.0	480
160	3.05	488
162	3.037037037037037	492
158	3.018987341772152	477
165	3.0545454545454547	504
157	3.0445859872611467	478
162	3.0123456790123457	488
159	3.0251572327044025	481
166	3.0180722891566263	501
166	3.0180722891566263	501
160	3.05	488
162	3.049382716049383	494
165	3.012121212121212	497
164	3.0365853658536586	498
164	3.018292682926829	495
167	3.0239520958083834	505
165	3.012121212121212	497
162	3.0308641975308643	491
164	3.0060975609756095	493
160	3.025	484
165	3.0545454545454547	504
160	3.0	480
162	3.067901234567901	497
159	3.0377358490566038	483
164	3.018292682926829	495
162	3.04320987654321	493
162	3.0246913580246915	490
162	3.0246913580246915	490
160	3.05	488
166	3.0421686746987953	505
162	3.0185185185185186	489
156	3.0705128205128207	479
161	3.0434782608695654	490
162	3.0123456790123457	488
162	3.037037037037037	492
167	3.029940119760479	506
162	3.04320987654321	493
160	3.06875	491
157	3.0	471
163	3.0	489
167	3.0419161676646707	508
160	3.0625	490
165	3.0	495
164	3.024390243902439	496
160	3.01875	483
162	3.006172839506173	487
154	3.0454545454545454	469
164	3.0121951219512195	494
157	3.0127388535031847	473
164	3.0304878048780486	497
161	3.012422360248447	485
168	3.0238095238095237	508
159	3.0251572327044025	481
163	3.0	489
160	3.0375	486
160	3.0375	486
162	3.0123456790123457	488
166	3.036144578313253	504
165	3.0606060606060606	505
164	3.0060975609756095	493
157	3.0445859872611467	478
157	3.0191082802547773	474
166	3.0481927710843375	506
158	3.037974683544304	480
162	3.0123456790123457	488
166	3.0301204819277108	503
168	3.011904761904762	506
163	3.042944785276074	496
164	3.0121951219512195	494
163	3.0061349693251533	490
160	3.05	488
161	3.0248447204968945	487
163	3.049079754601227	497
158	3.0126582278481013	476
156	3.051282051282051	476
160	2.99375	479
165	3.0424242424242425	502
161	3.0248447204968945	487
163	3.03680981595092	495
159	3.088050314465409	491
156	3.051282051282051	476
161	3.0062111801242235	484
158	3.0443037974683542	481
158	3.0316455696202533	479
167	3.0	501
159	3.0125786163522013	479
166	3.0180722891566263	501
160	3.03125	485
166	3.0301204819277108	503
165	3.0303030303030303	500
158	3.0316455696202533	479
164	3.042682926829268	499
164	3.0304878048780486	497
163	3.01840490797546	492
164	3.018292682926829	495
168	3.0297619047619047	509
163	3.042944785276074	496
157	3.0254777070063694	475
162	3.0308641975308643	491
160	3.00625	481
159	3.018867924528302	480
164	3.0060975609756095	493
162	3.0185185185185186	489
162	2.993827160493827	485
160	3.01875	483
164	3.018292682926829	495
157	3.038216560509554	477
161	3.0434782608695654	490
160	3.00625	481
165	3.012121212121212	497
162	3.049382716049383	494
163	3.0306748466257667	494
167	3.0179640718562872	504
163	3.0306748466257667	494
165	3.0484848484848484	503
160	3.0375	486
169	3.0059171597633134	508
161	2.9937888198757765	482
161	3.031055900621118	488
161	3.018633540372671	486
161	3.012422360248447	485
162	3.049382716049383	494
161	3.018633540372671	486
161	3.0372670807453415	489
161	3.018633540372671	486
159	3.0251572327044025	481
163	3.0245398773006134	493
163	3.01840490797546	492
167	3.053892215568862	510
160	3.01875	483
158	3.0	474
165	3.012121212121212	497
159	3.0314465408805034	482
170	3.0294117647058822	515
164	3.0548780487804876	501
161	3.0248447204968945	487
164	3.0304878048780486	497
162	3.0185185185185186	489
164	3.048780487804878	500
166	3.0421686746987953	505
160	3.025	484
156	3.032051282051282	473
163	3.01840490797546	492
164	3.0121951219512195	494
164	2.9878048780487805	490
160	3.04375	487
158	3.037974683544304	480
160	3.06875	491
160	3.0375	486
166	3.0301204819277108	503
160	3.03125	485
161	3.018633540372671	486
164	3.0121951219512195	494
162	3.0	486
165	3.036363636363636	501
159	3.0	477
161	3.018633540372671	486
161	3.0559006211180124	492
164	3.0365853658536586	498
163	3.0552147239263805	498
161	3.0434782608695654	490
161	3.031055900621118	488
161	3.0372670807453415	489
162	3.04320987654321	493
166	3.036144578313253	504
158	2.9936708860759493	473
158	3.037974683544304	480
166	3.0120481927710845	500
164	3.0304878048780486	497
164	3.0121951219512195	494
165	3.018181818181818	498
158	3.0253164556962027	478
164	3.0548780487804876	501
159	3.018867924528302	480
159	3.0440251572327046	484
169	3.0059171597633134	508
160	2.99375	479
160	3.03125	485
160	3.0125	482
165	2.987878787878788	493
163	3.042944785276074	496
167	3.0059880239520957	502
163	3.0061349693251533	490
161	3.0248447204968945	487
165	2.993939393939394	494
163	3.0061349693251533	490
165	3.0484848484848484	503
158	3.018987341772152	477
165	3.006060606060606	496
166	3.0120481927710845	500
160	3.01875	483
168	3.0357142857142856	510
160	3.00625	481
164	3.0548780487804876	501
163	3.0306748466257667	494
167	3.0119760479041915	503
162	3.0308641975308643	491
162	3.006172839506173	487
163	3.0245398773006134	493
161	3.049689440993789	491
160	3.0125	482
160	3.0125	482
161	3.0	483
163	3.03680981595092	495
158	3.0253164556962027	478
166	3.0120481927710845	500
158	3.050632911392405	482
163	3.042944785276074	496
163	3.0306748466257667	494
162	3.0246913580246915	490
162	3.0246913580246915	490
162	3.04320987654321	493
162	3.0123456790123457	488
159	3.0314465408805034	482
161	3.0434782608695654	490
165	3.012121212121212	497
163	3.0061349693251533	490
162	3.0246913580246915	490
164	3.0121951219512195	494
156	3.0448717948717947	475
165	3.036363636363636	501
167	3.029940119760479	506
160	3.01875	483
165	3.0484848484848484	503
164	3.0365853658536586	498
161	3.0062111801242235	484
163	3.01840490797546	492
158	3.0253164556962027	478
161	3.0062111801242235	484
162	3.006172839506173	487
162	3.0123456790123457	488
159	3.0251572327044025	481
164	3.0	492
162	3.04320987654321	493
160	3.00625	481
166	3.0060240963855422	499
162	3.006172839506173	487
165	3.0242424242424244	499
160	3.0375	486
164	3.0	492
166	2.9939759036144578	497
157	3.0	471
162	3.006172839506173	487
163	3.0061349693251533	490
158	3.018987341772152	477
165	3.006060606060606	496
165	3.0484848484848484	503
162	3.0185185185185186	489
166	3.0180722891566263	501
157	3.038216560509554	477
157	3.038216560509554	477
165	3.018181818181818	498
162	3.0185185185185186	489
153	3.0326797385620914	464
159	3.0251572327044025	481
159	3.0314465408805034	482
162	3.049382716049383	494
159	3.0314465408805034	482
162	3.074074074074074	498
162	3.0	486
166	3.0	498
163	3.0245398773006134	493
166	3.0180722891566263	501
167	3.0479041916167664	509
160	3.025	484
161	3.0434782608695654	490
165	3.0606060606060606	505
163	3.042944785276074	496
161	3.012422360248447	485
167	3.0179640718562872	504
160	3.0375	486
162	3.037037037037037	492
159	3.0251572327044025	481
160	3.01875	483
160	3.04375	487
164	3.048780487804878	500
162	2.9876543209876543	484
163	3.0122699386503067	491
158	3.0569620253164556	483
165	3.012121212121212	497
163	3.0061349693251533	490
158	3.037974683544304	480
163	3.0122699386503067	491
159	3.0377358490566038	483
159	3.0314465408805034	482
161	3.0372670807453415	489
157	3.0254777070063694	475
157	3.0191082802547773	474
160	3.025	484
161	3.012422360248447	485
158	3.018987341772152	477
160	3.0375	486
160	3.025	484
169	3.0414201183431953	514
160	3.025	484
160	3.025	484
158	3.0443037974683542	481
163	3.03680981595092	495
162	3.074074074074074	498
165	3.012121212121212	497
164	3.0304878048780486	497
163	3.03680981595092	495
160	3.01875	483
162	3.0185185185185186	489
164	3.0304878048780486	497
162	3.037037037037037	492
160	3.05	488
160	3.04375	487
161	3.0062111801242235	484
163	3.01840490797546	492
160	3.0375	486
161	3.0248447204968945	487
162	3.0185185185185186	489
163	3.0245398773006134	493
157	3.031847133757962	476
167	3.029940119760479	506
164	3.024390243902439	496
162	2.993827160493827	485
159	2.993710691823899	476
158	3.0443037974683542	481
163	3.0306748466257667	494
162	3.049382716049383	494
157	3.031847133757962	476
159	3.018867924528302	480
164	3.0304878048780486	497
166	3.0301204819277108	503
162	3.0185185185185186	489
162	3.0308641975308643	491
166	3.0	498
162	3.04320987654321	493
167	3.0119760479041915	503
167	3.0	501
162	3.037037037037037	492
161	3.0	483
154	3.0454545454545454	469
163	3.0122699386503067	491
158	3.0126582278481013	476
160	3.03125	485
162	3.0246913580246915	490
166	3.0421686746987953	505
166	3.0481927710843375	506
163	3.0061349693251533	490
164	3.042682926829268	499
161	3.0248447204968945	487
158	3.018987341772152	477
161	3.018633540372671	486
161	3.0248447204968945	487
161	3.0062111801242235	484
162	3.0123456790123457	488
162	3.049382716049383	494
158	3.0443037974683542	481
164	3.018292682926829	495
160	2.98125	477
160	3.0125	482
158	3.0253164556962027	478
162	3.0185185185185186	489
166	3.0060240963855422	499
170	3.023529411764706	514
165	3.012121212121212	497
159	3.0251572327044025	481
161	3.0434782608695654	490
158	3.0063291139240507	475
163	3.01840490797546	492
167	3.035928143712575	507
165	3.018181818181818	498
155	3.0129032258064514	467
160	3.05625	489
162	3.0185185185185186	489
162	3.0185185185185186	489
165	3.0242424242424244	499
157	3.0	471
160	3.0375	486
159	3.018867924528302	480
165	3.018181818181818	498
162	3.006172839506173	487
157	3.0254777070063694	475
164	3.0365853658536586	498
163	3.0306748466257667	494
160	3.01875	483
164	3.0304878048780486	497
161	3.031055900621118	488
159	3.0314465408805034	482
164	3.0121951219512195	494
164	3.0	492
159	3.0440251572327046	484
164	3.0060975609756095	493
157	3.031847133757962	476
163	3.0306748466257667	494
161	3.0372670807453415	489
158	3.037974683544304	480
158	3.0126582278481013	476
158	3.0126582278481013	476
161	3.031055900621118	488
160	3.03125	485
165	3.036363636363636	501
167	3.029940119760479	506
162	3.049382716049383	494
157	3.0063694267515926	472
169	3.0473372781065087	515
165	3.018181818181818	498
164	3.067073170731707	503
160	3.0125	482
161	3.031055900621118	488
160	3.00625	481
156	3.032051282051282	473
165	3.006060606060606	496
157	3.050955414012739	479
160	3.05	488
157	3.050955414012739	479
164	3.0304878048780486	497
160	3.01875	483
163	3.0245398773006134	493
162	3.0	486
165	3.0	495
157	3.0127388535031847	473
159	3.0440251572327046	484
158	3.0253164556962027	478
161	3.018633540372671	486
162	3.0555555555555554	495
157	3.0127388535031847	473
158	3.018987341772152	477
159	2.993710691823899	476
161	3.0248447204968945	487
158	3.0253164556962027	478
161	2.987577639751553	481
161	3.0372670807453415	489
165	3.018181818181818	498
155	3.0258064516129033	469
Distance	515	464	490.049
Approximation	3.091463414634146	2.9746835443037973	3.0257397377288036
515	464	490.049	3.091463414634146	2.9746835443037973	3.0257397377288036
