Lower Bound	Approximation	Operations	Indels	Reversals	Transpositions
38	3.0	114	65	49	0
35	2.9714285714285715	104	63	41	0
37	2.972972972972973	110	72	38	0
37	2.945945945945946	109	66	41	2
37	3.027027027027027	112	70	42	0
35	3.0	105	59	46	0
37	3.027027027027027	112	61	51	0
35	2.9714285714285715	104	57	47	0
36	3.0	108	61	47	0
35	2.9714285714285715	104	62	42	0
36	2.9722222222222223	107	63	44	0
36	3.111111111111111	112	64	48	0
36	3.0833333333333335	111	63	48	0
36	3.0277777777777777	109	62	47	0
35	3.0285714285714285	106	65	40	1
35	2.9714285714285715	104	59	45	0
36	3.0277777777777777	109	59	50	0
34	2.9411764705882355	100	59	41	0
35	2.9714285714285715	104	62	42	0
36	2.9722222222222223	107	66	41	0
34	3.0	102	62	40	0
33	3.0303030303030303	100	60	40	0
36	2.9722222222222223	107	59	48	0
37	3.027027027027027	112	63	49	0
36	3.0833333333333335	111	71	40	0
37	3.054054054054054	113	64	49	0
35	2.942857142857143	103	56	47	0
37	2.945945945945946	109	64	45	0
37	2.972972972972973	110	58	52	0
36	2.9722222222222223	107	58	49	0
36	3.0	108	66	42	0
35	2.942857142857143	103	61	42	0
35	3.0	105	60	44	1
35	2.914285714285714	102	58	44	0
35	3.142857142857143	110	70	40	0
35	3.0285714285714285	106	67	39	0
34	3.0294117647058822	103	60	42	1
38	3.0	114	66	48	0
36	3.0	108	63	45	0
36	3.111111111111111	112	69	43	0
38	3.0526315789473686	116	69	47	0
38	2.973684210526316	113	64	49	0
37	2.972972972972973	110	59	51	0
38	2.9473684210526314	112	65	45	2
35	2.9714285714285715	104	61	43	0
36	3.0	108	62	46	0
36	2.9722222222222223	107	67	40	0
34	3.0294117647058822	103	60	43	0
36	3.0555555555555554	110	62	48	0
35	2.9714285714285715	104	66	38	0
37	2.945945945945946	109	61	48	0
37	3.027027027027027	112	66	45	1
37	3.027027027027027	112	69	43	0
39	3.0256410256410255	118	79	39	0
36	2.9722222222222223	107	66	41	0
35	2.9714285714285715	104	64	40	0
37	3.027027027027027	112	69	42	1
36	3.0	108	62	46	0
35	2.914285714285714	102	61	41	0
34	2.9705882352941178	101	59	42	0
37	3.0	111	65	46	0
35	3.0285714285714285	106	58	48	0
36	2.9722222222222223	107	62	45	0
37	2.945945945945946	109	62	47	0
36	3.0	108	63	45	0
35	2.9714285714285715	104	64	40	0
37	2.972972972972973	110	63	47	0
38	2.973684210526316	113	74	37	2
36	2.9722222222222223	107	60	47	0
36	3.0277777777777777	109	63	46	0
37	3.0	111	62	49	0
38	3.026315789473684	115	69	46	0
38	2.973684210526316	113	63	50	0
37	3.027027027027027	112	67	45	0
37	2.972972972972973	110	64	46	0
39	2.9743589743589745	116	70	46	0
37	2.945945945945946	109	63	46	0
35	3.0	105	57	46	2
35	2.9714285714285715	104	58	46	0
36	3.0555555555555554	110	69	41	0
38	2.9210526315789473	111	70	38	3
35	2.942857142857143	103	53	50	0
37	2.972972972972973	110	65	45	0
37	2.945945945945946	109	71	38	0
34	3.0294117647058822	103	58	45	0
36	3.0	108	63	45	0
39	2.9743589743589745	116	71	45	0
36	3.0277777777777777	109	60	49	0
38	3.0789473684210527	117	68	49	0
37	2.945945945945946	109	65	44	0
34	3.0588235294117645	104	65	39	0
36	2.9444444444444446	106	59	47	0
37	3.0	111	70	38	3
35	2.942857142857143	103	66	37	0
39	2.9743589743589745	116	71	45	0
33	3.0303030303030303	100	63	37	0
39	3.0	117	70	46	1
37	2.918918918918919	108	60	48	0
36	2.9444444444444446	106	61	45	0
37	2.945945945945946	109	61	47	1
36	3.0	108	68	39	1
35	3.0	105	55	50	0
37	2.972972972972973	110	65	45	0
38	3.0	114	65	49	0
36	2.9722222222222223	107	61	46	0
38	3.026315789473684	115	73	41	1
38	3.026315789473684	115	67	48	0
40	3.0	120	71	49	0
37	3.0	111	58	53	0
37	3.0	111	60	51	0
36	3.0555555555555554	110	64	46	0
36	2.9444444444444446	106	68	38	0
37	2.972972972972973	110	62	48	0
37	3.027027027027027	112	63	49	0
36	3.0	108	63	44	1
35	2.942857142857143	103	60	42	1
32	3.03125	97	57	40	0
36	3.0277777777777777	109	65	44	0
36	2.9722222222222223	107	61	46	0
35	3.0	105	60	45	0
36	2.9722222222222223	107	62	45	0
35	3.057142857142857	107	68	39	0
36	2.9444444444444446	106	63	43	0
35	3.0	105	63	42	0
32	3.0	96	55	41	0
37	3.0	111	58	52	1
32	3.03125	97	53	44	0
37	2.972972972972973	110	62	47	1
37	3.0	111	64	47	0
36	3.0277777777777777	109	66	43	0
38	2.973684210526316	113	60	53	0
37	3.0	111	62	49	0
37	3.0	111	72	39	0
35	3.0285714285714285	106	64	42	0
35	3.0	105	66	39	0
38	2.973684210526316	113	63	49	1
35	3.0	105	65	40	0
37	3.027027027027027	112	61	51	0
33	2.9696969696969697	98	61	37	0
35	3.057142857142857	107	68	39	0
37	2.945945945945946	109	57	52	0
36	3.0833333333333335	111	63	48	0
36	2.9722222222222223	107	64	43	0
36	2.9722222222222223	107	58	49	0
36	3.0277777777777777	109	60	49	0
36	2.9722222222222223	107	62	45	0
35	2.9714285714285715	104	59	45	0
35	2.942857142857143	103	57	46	0
38	3.0	114	69	45	0
37	3.0	111	65	46	0
35	3.0285714285714285	106	61	45	0
37	2.972972972972973	110	66	43	1
36	2.9444444444444446	106	62	43	1
36	3.0	108	67	41	0
37	3.0	111	61	50	0
38	3.0	114	78	35	1
36	3.0277777777777777	109	57	52	0
37	3.054054054054054	113	71	42	0
38	2.9210526315789473	111	65	46	0
37	3.027027027027027	112	64	48	0
36	2.9166666666666665	105	62	43	0
37	3.027027027027027	112	67	45	0
36	3.0	108	61	47	0
37	3.0	111	61	50	0
34	3.0	102	58	43	1
34	2.9411764705882355	100	59	41	0
38	3.026315789473684	115	67	48	0
38	3.0	114	67	47	0
36	2.9444444444444446	106	65	41	0
35	2.9714285714285715	104	65	39	0
36	3.0277777777777777	109	66	43	0
36	2.9722222222222223	107	63	44	0
35	3.0285714285714285	106	53	53	0
35	2.9714285714285715	104	57	47	0
39	3.051282051282051	119	70	47	2
36	3.0	108	62	46	0
36	3.0	108	65	43	0
37	3.081081081081081	114	62	52	0
36	3.0277777777777777	109	64	45	0
36	2.9722222222222223	107	64	43	0
38	3.0789473684210527	117	68	48	1
35	2.9714285714285715	104	64	40	0
35	2.942857142857143	103	63	40	0
36	2.9444444444444446	106	60	46	0
37	2.972972972972973	110	66	44	0
35	3.0	105	65	40	0
39	2.923076923076923	114	71	43	0
35	3.1142857142857143	109	60	49	0
34	3.0294117647058822	103	59	44	0
35	3.0285714285714285	106	52	54	0
36	2.9722222222222223	107	56	51	0
37	3.027027027027027	112	59	53	0
36	3.0	108	65	43	0
36	3.0277777777777777	109	68	41	0
36	3.0	108	64	43	1
37	2.945945945945946	109	68	41	0
37	2.972972972972973	110	67	43	0
37	2.945945945945946	109	61	48	0
37	3.027027027027027	112	69	43	0
36	2.9722222222222223	107	64	43	0
36	2.9722222222222223	107	64	43	0
36	3.0277777777777777	109	68	41	0
36	2.9722222222222223	107	68	38	1
36	2.9722222222222223	107	63	42	2
40	3.025	121	69	52	0
37	2.972972972972973	110	60	50	0
36	3.0	108	66	42	0
37	2.972972972972973	110	65	45	0
34	2.9411764705882355	100	53	47	0
38	3.0	114	64	50	0
35	2.914285714285714	102	63	38	1
36	3.0277777777777777	109	57	51	1
37	3.0	111	64	47	0
37	3.0	111	64	47	0
38	3.1315789473684212	119	72	47	0
36	3.0555555555555554	110	65	45	0
36	3.0277777777777777	109	66	43	0
35	3.0285714285714285	106	61	45	0
35	3.0285714285714285	106	60	46	0
36	3.0555555555555554	110	62	48	0
38	3.0	114	63	51	0
33	2.9393939393939394	97	56	41	0
33	3.0303030303030303	100	54	46	0
38	2.9210526315789473	111	66	45	0
34	2.9411764705882355	100	54	46	0
37	3.027027027027027	112	75	37	0
36	2.9722222222222223	107	67	40	0
39	3.0256410256410255	118	69	49	0
36	3.0	108	68	39	1
35	2.9714285714285715	104	60	44	0
37	2.972972972972973	110	64	46	0
36	3.0277777777777777	109	67	42	0
36	2.9722222222222223	107	61	46	0
37	3.054054054054054	113	66	47	0
38	3.0789473684210527	117	68	49	0
35	3.0	105	60	45	0
37	3.054054054054054	113	66	46	1
37	2.918918918918919	108	66	42	0
37	2.972972972972973	110	69	41	0
37	2.945945945945946	109	65	44	0
34	2.9705882352941178	101	57	43	1
35	2.9714285714285715	104	57	47	0
35	2.9714285714285715	104	60	44	0
37	3.0	111	69	42	0
37	3.027027027027027	112	68	44	0
34	3.0	102	56	46	0
36	3.0277777777777777	109	67	42	0
37	2.945945945945946	109	63	46	0
34	3.0	102	57	44	1
36	3.0277777777777777	109	65	44	0
36	2.9722222222222223	107	58	49	0
35	3.0	105	58	47	0
38	2.9473684210526314	112	76	36	0
36	2.9166666666666665	105	65	39	1
36	2.9444444444444446	106	71	35	0
34	3.0588235294117645	104	66	38	0
35	3.057142857142857	107	66	41	0
35	3.0	105	60	45	0
35	3.057142857142857	107	62	45	0
38	3.0	114	66	48	0
35	2.9714285714285715	104	56	48	0
38	2.9473684210526314	112	69	43	0
39	3.0	117	67	50	0
36	3.0555555555555554	110	65	45	0
35	3.0	105	64	40	1
37	3.0	111	62	49	0
35	3.0	105	59	46	0
37	2.972972972972973	110	67	43	0
36	2.9722222222222223	107	64	43	0
36	3.0	108	65	43	0
35	2.942857142857143	103	60	43	0
37	3.027027027027027	112	63	49	0
35	3.0	105	65	40	0
37	3.0	111	70	41	0
38	3.0	114	67	47	0
38	2.9210526315789473	111	68	43	0
39	2.9743589743589745	116	68	48	0
38	3.0	114	71	43	0
37	3.027027027027027	112	65	47	0
33	3.0303030303030303	100	58	42	0
36	3.0277777777777777	109	73	34	2
38	3.0	114	76	37	1
39	3.0256410256410255	118	70	48	0
36	3.0	108	60	48	0
35	3.0	105	57	48	0
37	2.972972972972973	110	66	44	0
36	3.0	108	66	41	1
34	3.0	102	67	34	1
34	2.9705882352941178	101	61	39	1
37	2.972972972972973	110	63	47	0
34	3.1470588235294117	107	61	46	0
39	2.9743589743589745	116	70	46	0
36	3.0	108	56	52	0
36	3.0555555555555554	110	62	48	0
35	3.0	105	65	40	0
36	2.9722222222222223	107	62	45	0
37	3.0	111	65	46	0
35	2.942857142857143	103	66	37	0
36	2.9444444444444446	106	65	41	0
37	3.054054054054054	113	65	48	0
34	2.9705882352941178	101	62	39	0
37	3.054054054054054	113	67	45	1
34	3.0294117647058822	103	57	45	1
37	2.972972972972973	110	66	44	0
37	2.945945945945946	109	65	44	0
37	2.972972972972973	110	64	46	0
36	3.0277777777777777	109	63	46	0
34	3.0	102	58	44	0
38	2.973684210526316	113	65	48	0
37	3.027027027027027	112	69	43	0
36	3.0277777777777777	109	58	51	0
35	3.0285714285714285	106	55	51	0
36	3.0	108	70	38	0
33	3.0606060606060606	101	63	38	0
36	3.0277777777777777	109	62	47	0
34	2.9411764705882355	100	58	42	0
35	3.0	105	57	48	0
35	2.9714285714285715	104	55	49	0
37	3.0	111	71	40	0
38	3.026315789473684	115	72	43	0
35	3.0	105	63	42	0
34	3.0294117647058822	103	65	37	1
36	3.0	108	67	40	1
35	3.057142857142857	107	65	41	1
37	3.0	111	72	38	1
40	3.0	120	71	49	0
38	2.973684210526316	113	58	55	0
36	3.0	108	65	43	0
37	3.054054054054054	113	60	53	0
36	3.0	108	61	46	1
35	3.0285714285714285	106	60	46	0
36	3.0555555555555554	110	61	49	0
38	2.973684210526316	113	71	42	0
39	3.0256410256410255	118	67	51	0
34	2.911764705882353	99	55	44	0
35	3.0285714285714285	106	68	38	0
36	3.0555555555555554	110	65	42	3
37	3.027027027027027	112	70	42	0
37	3.027027027027027	112	68	44	0
36	3.0	108	62	46	0
35	2.9714285714285715	104	57	47	0
35	3.0285714285714285	106	64	42	0
37	3.0	111	60	51	0
36	2.9444444444444446	106	66	40	0
35	3.0285714285714285	106	59	47	0
36	3.0277777777777777	109	67	42	0
38	3.0	114	67	47	0
37	3.027027027027027	112	68	44	0
36	3.0555555555555554	110	70	40	0
35	3.0	105	63	39	3
35	2.9714285714285715	104	65	39	0
36	3.0	108	68	39	1
37	3.0	111	66	45	0
36	3.0	108	64	44	0
37	3.0	111	66	45	0
36	2.9444444444444446	106	63	43	0
36	3.0	108	67	41	0
34	3.0294117647058822	103	61	41	1
38	2.973684210526316	113	68	45	0
34	3.0	102	60	41	1
35	3.057142857142857	107	69	38	0
34	3.088235294117647	105	58	47	0
36	3.0	108	67	39	2
33	2.9393939393939394	97	58	39	0
36	3.0555555555555554	110	58	52	0
37	2.972972972972973	110	58	52	0
35	2.9714285714285715	104	63	41	0
36	3.0	108	59	49	0
36	2.9722222222222223	107	60	47	0
35	3.0285714285714285	106	73	33	0
33	3.0303030303030303	100	58	42	0
36	3.0	108	63	41	4
36	3.0	108	62	46	0
35	2.9714285714285715	104	62	42	0
36	3.0	108	61	47	0
34	3.0294117647058822	103	66	37	0
38	2.9473684210526314	112	63	49	0
35	3.0	105	61	44	0
36	2.9722222222222223	107	57	50	0
36	3.0277777777777777	109	65	44	0
34	3.0294117647058822	103	60	42	1
33	3.0	99	62	36	1
39	3.0	117	67	50	0
37	2.972972972972973	110	68	42	0
37	3.054054054054054	113	67	46	0
37	3.054054054054054	113	68	45	0
36	2.9722222222222223	107	60	47	0
36	3.0277777777777777	109	63	46	0
37	2.972972972972973	110	62	48	0
37	3.0	111	64	47	0
37	2.945945945945946	109	68	41	0
35	3.085714285714286	108	60	48	0
35	3.0	105	66	38	1
34	3.0	102	63	39	0
37	2.972972972972973	110	62	48	0
39	3.0	117	69	48	0
38	3.026315789473684	115	67	47	1
37	3.0	111	66	45	0
34	2.911764705882353	99	58	41	0
34	2.9705882352941178	101	59	40	2
35	3.0285714285714285	106	62	44	0
38	3.026315789473684	115	68	46	1
36	3.0	108	68	40	0
37	3.0	111	68	43	0
36	3.0277777777777777	109	63	46	0
35	3.0285714285714285	106	61	45	0
37	2.972972972972973	110	57	53	0
35	3.085714285714286	108	65	43	0
38	3.0526315789473686	116	69	47	0
36	2.9444444444444446	106	64	42	0
36	3.0277777777777777	109	64	45	0
35	3.0	105	67	38	0
35	3.0	105	59	46	0
36	3.0	108	66	42	0
38	3.0	114	69	44	1
37	2.972972972972973	110	68	42	0
33	3.0606060606060606	101	56	45	0
36	2.9722222222222223	107	62	45	0
36	3.0277777777777777	109	60	49	0
36	2.9444444444444446	106	59	47	0
36	3.0277777777777777	109	62	46	1
33	3.0303030303030303	100	61	39	0
34	2.9705882352941178	101	53	48	0
36	2.9444444444444446	106	56	50	0
38	3.0526315789473686	116	74	42	0
36	2.9722222222222223	107	58	49	0
36	3.111111111111111	112	69	43	0
35	2.9714285714285715	104	62	42	0
39	3.128205128205128	122	77	45	0
35	2.942857142857143	103	61	41	1
37	3.054054054054054	113	64	49	0
39	2.9743589743589745	116	64	52	0
35	2.9714285714285715	104	63	41	0
36	3.0	108	63	45	0
34	2.9705882352941178	101	60	40	1
35	3.0	105	63	42	0
37	3.027027027027027	112	64	48	0
37	2.972972972972973	110	64	46	0
35	3.085714285714286	108	64	44	0
37	3.0	111	68	42	1
39	3.051282051282051	119	67	52	0
35	3.0285714285714285	106	58	48	0
37	2.945945945945946	109	62	47	0
37	3.027027027027027	112	64	48	0
37	3.027027027027027	112	64	48	0
35	2.914285714285714	102	59	43	0
36	3.0277777777777777	109	61	48	0
36	3.0555555555555554	110	65	45	0
37	3.027027027027027	112	72	40	0
39	3.0	117	65	52	0
37	2.972972972972973	110	71	38	1
37	3.0	111	60	51	0
38	3.0526315789473686	116	65	51	0
38	2.9210526315789473	111	64	46	1
36	3.0833333333333335	111	63	48	0
39	2.923076923076923	114	69	45	0
39	2.923076923076923	114	68	46	0
33	3.0606060606060606	101	55	46	0
35	3.0	105	63	40	2
35	3.0285714285714285	106	67	39	0
35	2.9714285714285715	104	60	44	0
36	3.0277777777777777	109	65	44	0
36	2.9722222222222223	107	62	44	1
38	3.0789473684210527	117	65	52	0
38	3.0	114	73	41	0
40	3.025	121	71	50	0
34	3.0	102	60	42	0
33	3.0303030303030303	100	62	38	0
36	2.9722222222222223	107	65	42	0
37	3.0	111	73	38	0
37	2.972972972972973	110	62	47	1
37	3.0	111	69	42	0
37	2.945945945945946	109	65	44	0
34	3.0	102	56	45	1
34	3.0294117647058822	103	56	47	0
35	3.0285714285714285	106	63	43	0
34	3.0	102	63	39	0
35	2.9714285714285715	104	55	49	0
36	3.0277777777777777	109	64	45	0
37	3.027027027027027	112	67	45	0
35	3.0	105	60	45	0
36	2.9722222222222223	107	69	38	0
35	3.0	105	60	45	0
37	2.972972972972973	110	57	53	0
38	3.026315789473684	115	72	43	0
37	2.972972972972973	110	69	40	1
37	2.972972972972973	110	63	47	0
34	3.0588235294117645	104	64	40	0
36	3.0555555555555554	110	67	43	0
34	2.9411764705882355	100	58	42	0
35	3.0	105	64	40	1
36	2.9722222222222223	107	66	41	0
37	3.027027027027027	112	68	44	0
38	3.026315789473684	115	67	48	0
36	3.0	108	61	47	0
38	2.9473684210526314	112	69	43	0
37	2.972972972972973	110	67	43	0
36	3.0277777777777777	109	63	46	0
35	2.9714285714285715	104	61	43	0
37	2.945945945945946	109	64	45	0
38	3.026315789473684	115	70	45	0
38	3.026315789473684	115	66	49	0
37	3.0	111	67	44	0
35	3.085714285714286	108	58	50	0
32	3.0	96	60	36	0
36	2.9722222222222223	107	62	44	1
38	2.9473684210526314	112	62	50	0
38	3.0	114	74	39	1
35	3.0	105	65	40	0
37	3.0	111	71	40	0
37	3.0	111	68	43	0
37	2.972972972972973	110	66	44	0
36	3.0277777777777777	109	63	46	0
33	3.090909090909091	102	57	45	0
35	3.057142857142857	107	63	44	0
34	3.088235294117647	105	61	44	0
36	2.9444444444444446	106	63	43	0
34	3.0294117647058822	103	60	43	0
36	3.0277777777777777	109	57	52	0
37	3.054054054054054	113	63	50	0
38	3.026315789473684	115	68	47	0
37	2.972972972972973	110	66	44	0
35	3.057142857142857	107	61	46	0
33	3.0606060606060606	101	54	47	0
38	3.0	114	66	48	0
38	3.0	114	70	44	0
37	3.135135135135135	116	71	45	0
36	3.0277777777777777	109	62	47	0
38	3.026315789473684	115	69	46	0
33	3.0	99	59	40	0
37	2.945945945945946	109	62	47	0
39	2.9743589743589745	116	70	46	0
35	3.0	105	59	46	0
36	3.0	108	70	36	2
36	2.9722222222222223	107	63	44	0
36	3.0277777777777777	109	61	48	0
38	2.9210526315789473	111	65	46	0
36	3.0	108	66	42	0
38	2.973684210526316	113	71	42	0
35	3.0285714285714285	106	58	47	1
37	2.972972972972973	110	61	49	0
38	3.0	114	66	46	2
34	3.0	102	60	42	0
38	3.026315789473684	115	76	39	0
37	2.945945945945946	109	64	45	0
35	3.057142857142857	107	67	38	2
33	2.9393939393939394	97	55	41	1
36	3.0277777777777777	109	63	46	0
37	2.918918918918919	108	63	45	0
37	2.945945945945946	109	63	46	0
35	2.942857142857143	103	69	33	1
34	2.9705882352941178	101	67	32	2
36	3.0833333333333335	111	63	48	0
36	2.9722222222222223	107	57	50	0
34	3.0	102	59	43	0
39	3.0	117	65	52	0
35	3.0285714285714285	106	61	42	3
37	3.108108108108108	115	71	44	0
35	2.9714285714285715	104	60	44	0
36	3.0555555555555554	110	60	50	0
36	2.9722222222222223	107	66	41	0
34	3.0588235294117645	104	66	38	0
36	3.0	108	62	46	0
36	2.9722222222222223	107	58	49	0
36	3.0277777777777777	109	70	39	0
36	3.0277777777777777	109	62	47	0
36	2.9722222222222223	107	61	46	0
38	3.0	114	63	51	0
36	3.0	108	65	42	1
36	3.0277777777777777	109	60	49	0
33	2.9393939393939394	97	63	34	0
37	3.027027027027027	112	64	48	0
36	3.0277777777777777	109	61	48	0
36	3.0277777777777777	109	68	41	0
37	2.918918918918919	108	67	41	0
38	3.026315789473684	115	66	49	0
36	2.9722222222222223	107	57	50	0
35	3.085714285714286	108	64	44	0
36	3.0277777777777777	109	63	46	0
35	2.942857142857143	103	57	46	0
40	3.0	120	70	50	0
36	2.9722222222222223	107	66	41	0
34	2.9411764705882355	100	63	36	1
36	3.0833333333333335	111	58	53	0
37	3.027027027027027	112	65	45	2
34	3.0294117647058822	103	61	42	0
38	3.0526315789473686	116	69	47	0
38	2.9473684210526314	112	68	44	0
38	2.9473684210526314	112	69	42	1
35	2.942857142857143	103	59	44	0
36	2.9722222222222223	107	68	39	0
37	3.054054054054054	113	67	44	2
33	2.909090909090909	96	56	40	0
38	2.973684210526316	113	71	41	1
38	3.0	114	66	48	0
35	2.9714285714285715	104	58	46	0
38	3.026315789473684	115	70	45	0
37	3.0	111	68	42	1
37	2.972972972972973	110	64	46	0
37	2.945945945945946	109	70	39	0
37	3.0	111	62	48	1
36	3.0555555555555554	110	65	45	0
35	2.9714285714285715	104	59	45	0
35	3.0	105	61	44	0
35	3.0	105	65	40	0
37	2.945945945945946	109	66	42	1
36	3.0	108	62	46	0
37	3.0	111	65	46	0
38	3.0	114	67	45	2
35	3.0	105	63	41	1
35	3.0285714285714285	106	60	46	0
36	2.9722222222222223	107	63	44	0
37	2.972972972972973	110	64	46	0
36	3.0555555555555554	110	65	45	0
36	3.0555555555555554	110	63	47	0
37	3.027027027027027	112	65	47	0
35	3.0285714285714285	106	59	47	0
38	3.0789473684210527	117	66	51	0
37	2.972972972972973	110	61	49	0
34	2.9411764705882355	100	60	40	0
37	2.891891891891892	107	60	47	0
39	2.9743589743589745	116	71	45	0
35	3.085714285714286	108	60	48	0
36	3.111111111111111	112	74	37	1
37	2.972972972972973	110	67	43	0
34	3.088235294117647	105	64	41	0
35	3.0285714285714285	106	62	44	0
33	2.9696969696969697	98	57	40	1
38	3.0526315789473686	116	68	48	0
35	3.0	105	61	44	0
38	3.0526315789473686	116	64	52	0
35	2.9714285714285715	104	63	41	0
36	2.9722222222222223	107	62	45	0
36	3.0	108	67	41	0
35	3.057142857142857	107	68	39	0
36	3.0	108	61	47	0
38	3.026315789473684	115	69	46	0
35	2.9714285714285715	104	59	45	0
37	3.0	111	70	41	0
38	2.9473684210526314	112	62	50	0
37	3.0	111	67	44	0
36	3.0	108	65	43	0
37	3.0	111	64	47	0
35	3.0	105	67	38	0
36	3.0277777777777777	109	66	43	0
38	2.973684210526316	113	60	53	0
38	3.026315789473684	115	66	48	1
37	3.0	111	67	44	0
36	3.0277777777777777	109	62	47	0
35	2.9714285714285715	104	63	41	0
37	3.0	111	62	49	0
38	2.973684210526316	113	67	46	0
37	3.0	111	61	50	0
39	2.9743589743589745	116	75	40	1
36	3.0555555555555554	110	69	41	0
38	3.0526315789473686	116	74	41	1
36	3.0277777777777777	109	68	41	0
37	2.945945945945946	109	68	41	0
35	3.085714285714286	108	67	41	0
36	3.0	108	64	44	0
35	2.9714285714285715	104	59	45	0
36	3.0277777777777777	109	60	47	2
33	3.0	99	62	36	1
35	3.057142857142857	107	59	47	1
36	2.9722222222222223	107	62	45	0
35	2.9714285714285715	104	61	43	0
36	3.0	108	56	52	0
35	2.942857142857143	103	59	44	0
36	2.9444444444444446	106	66	40	0
36	2.9722222222222223	107	65	42	0
38	3.0526315789473686	116	65	50	1
37	3.0	111	62	49	0
35	2.942857142857143	103	62	41	0
35	3.0	105	62	43	0
34	3.0	102	63	39	0
37	2.918918918918919	108	60	48	0
37	3.0	111	63	48	0
36	3.0555555555555554	110	68	42	0
38	3.0526315789473686	116	66	50	0
37	2.945945945945946	109	65	43	1
37	3.0	111	68	43	0
34	3.0	102	58	43	1
37	3.027027027027027	112	68	44	0
38	3.026315789473684	115	63	52	0
36	2.9166666666666665	105	63	42	0
37	3.027027027027027	112	66	45	1
37	3.054054054054054	113	63	50	0
37	2.972972972972973	110	61	49	0
35	2.8857142857142857	101	59	42	0
36	3.0555555555555554	110	68	42	0
35	3.0285714285714285	106	63	43	0
39	2.948717948717949	115	70	45	0
34	3.0294117647058822	103	67	36	0
36	3.0277777777777777	109	61	48	0
37	3.0	111	69	41	1
34	3.0294117647058822	103	58	45	0
36	2.9722222222222223	107	67	40	0
36	3.0	108	63	45	0
35	3.0285714285714285	106	62	44	0
36	2.9722222222222223	107	63	44	0
37	2.945945945945946	109	62	47	0
34	3.0	102	58	44	0
35	2.9714285714285715	104	59	45	0
36	2.9722222222222223	107	60	47	0
37	3.0	111	70	41	0
36	3.0277777777777777	109	67	42	0
38	2.973684210526316	113	65	48	0
37	3.027027027027027	112	67	44	1
35	3.057142857142857	107	62	45	0
37	3.027027027027027	112	64	48	0
38	3.0526315789473686	116	73	43	0
35	3.0	105	63	42	0
36	2.9444444444444446	106	65	41	0
39	2.9743589743589745	116	68	48	0
37	3.027027027027027	112	61	51	0
34	3.0	102	57	45	0
37	2.972972972972973	110	62	48	0
35	2.942857142857143	103	62	41	0
37	3.027027027027027	112	69	40	3
37	2.918918918918919	108	68	39	1
37	2.972972972972973	110	62	48	0
36	3.0	108	62	46	0
35	3.0285714285714285	106	61	45	0
39	2.9743589743589745	116	66	50	0
33	2.9696969696969697	98	58	40	0
37	3.027027027027027	112	69	43	0
37	2.945945945945946	109	65	44	0
35	2.942857142857143	103	58	44	1
34	3.0	102	58	44	0
36	2.9166666666666665	105	61	43	1
37	2.945945945945946	109	72	36	1
38	2.973684210526316	113	70	43	0
33	2.9393939393939394	97	59	38	0
36	3.0277777777777777	109	65	44	0
38	3.026315789473684	115	67	48	0
38	3.0	114	66	48	0
39	3.0	117	74	42	1
36	3.0	108	60	48	0
36	3.0	108	63	45	0
37	3.054054054054054	113	64	49	0
37	3.0	111	69	42	0
35	3.0	105	64	40	1
37	3.027027027027027	112	66	46	0
36	2.9722222222222223	107	65	42	0
36	3.0	108	64	44	0
38	3.0	114	69	45	0
37	2.945945945945946	109	65	44	0
36	3.0555555555555554	110	64	46	0
37	2.918918918918919	108	64	44	0
33	2.9696969696969697	98	60	38	0
38	3.0	114	65	49	0
37	2.945945945945946	109	59	50	0
33	3.0	99	62	36	1
37	3.027027027027027	112	68	44	0
38	3.0	114	69	45	0
35	3.0285714285714285	106	63	41	2
34	2.9411764705882355	100	54	46	0
38	3.026315789473684	115	71	44	0
35	2.9714285714285715	104	63	41	0
38	3.026315789473684	115	68	47	0
36	3.0	108	64	44	0
36	2.9444444444444446	106	57	49	0
37	2.945945945945946	109	57	52	0
36	3.0555555555555554	110	69	41	0
38	2.973684210526316	113	72	41	0
35	3.0	105	58	47	0
35	2.914285714285714	102	57	45	0
36	3.0277777777777777	109	61	48	0
34	2.9705882352941178	101	57	44	0
37	2.972972972972973	110	61	49	0
38	2.973684210526316	113	61	52	0
36	3.0277777777777777	109	65	44	0
38	3.026315789473684	115	66	48	1
36	3.0277777777777777	109	69	37	3
36	2.9722222222222223	107	62	45	0
36	3.0277777777777777	109	68	40	1
33	3.0	99	54	45	0
36	3.0277777777777777	109	59	50	0
38	2.9473684210526314	112	68	44	0
38	3.0789473684210527	117	68	49	0
36	2.9722222222222223	107	65	42	0
34	3.0294117647058822	103	62	40	1
33	3.0606060606060606	101	58	43	0
35	3.085714285714286	108	72	35	1
39	2.923076923076923	114	73	41	0
36	3.0277777777777777	109	59	49	1
36	3.0	108	61	47	0
36	3.0555555555555554	110	66	44	0
37	3.0	111	64	47	0
39	3.128205128205128	122	71	51	0
37	3.027027027027027	112	60	52	0
35	3.057142857142857	107	65	42	0
37	3.0	111	67	44	0
35	2.942857142857143	103	56	47	0
34	3.0	102	61	40	1
36	2.9444444444444446	106	66	40	0
35	2.9714285714285715	104	54	50	0
37	2.945945945945946	109	65	44	0
37	2.972972972972973	110	66	44	0
38	2.9473684210526314	112	71	41	0
35	2.9714285714285715	104	57	47	0
37	2.972972972972973	110	69	41	0
36	3.0555555555555554	110	69	41	0
37	3.0	111	62	49	0
36	3.0277777777777777	109	72	37	0
37	3.0	111	65	45	1
35	3.0	105	63	42	0
35	2.9714285714285715	104	61	43	0
37	2.972972972972973	110	69	40	1
36	3.0833333333333335	111	62	49	0
36	3.0277777777777777	109	63	46	0
36	2.9722222222222223	107	67	40	0
35	3.057142857142857	107	61	45	1
36	3.0	108	67	40	1
39	2.9743589743589745	116	65	51	0
35	3.0	105	69	36	0
35	2.942857142857143	103	65	38	0
37	3.027027027027027	112	67	44	1
33	3.0303030303030303	100	58	42	0
36	2.9722222222222223	107	63	44	0
37	3.027027027027027	112	71	41	0
35	3.0285714285714285	106	65	41	0
38	3.026315789473684	115	69	45	1
37	3.0	111	66	45	0
38	2.9210526315789473	111	67	44	0
35	3.0285714285714285	106	63	43	0
35	3.0285714285714285	106	59	47	0
34	3.0	102	57	45	0
37	2.972972972972973	110	59	51	0
36	2.9444444444444446	106	64	42	0
37	3.0	111	65	46	0
36	2.9722222222222223	107	64	42	1
38	3.026315789473684	115	73	42	0
38	2.973684210526316	113	65	48	0
37	3.0	111	61	50	0
34	3.0	102	62	40	0
35	3.085714285714286	108	64	44	0
34	3.0294117647058822	103	62	40	1
36	3.0555555555555554	110	65	45	0
38	2.973684210526316	113	66	47	0
37	2.945945945945946	109	62	47	0
36	3.0	108	67	41	0
35	2.942857142857143	103	58	45	0
37	3.027027027027027	112	68	44	0
35	3.0285714285714285	106	60	46	0
35	3.057142857142857	107	62	45	0
37	2.891891891891892	107	58	49	0
39	3.0	117	69	48	0
37	3.0	111	53	58	0
36	3.0277777777777777	109	69	40	0
37	2.972972972972973	110	67	43	0
36	3.0555555555555554	110	57	53	0
36	2.9722222222222223	107	59	47	1
34	3.0294117647058822	103	61	42	0
34	2.9705882352941178	101	59	42	0
34	2.9705882352941178	101	62	39	0
35	3.0	105	60	42	3
36	2.9444444444444446	106	69	36	1
36	3.0555555555555554	110	65	45	0
37	3.027027027027027	112	65	47	0
35	2.9714285714285715	104	63	41	0
37	3.054054054054054	113	58	55	0
35	2.9714285714285715	104	62	42	0
37	3.054054054054054	113	62	51	0
34	3.0588235294117645	104	60	44	0
36	3.0555555555555554	110	65	45	0
34	2.9411764705882355	100	58	42	0
38	3.026315789473684	115	72	42	1
36	3.0833333333333335	111	68	43	0
36	3.0	108	62	46	0
37	3.0	111	65	46	0
35	3.0285714285714285	106	64	42	0
35	3.085714285714286	108	58	50	0
34	3.0	102	59	42	1
35	3.0	105	66	38	1
37	3.0	111	69	41	1
36	3.0	108	59	49	0
37	3.027027027027027	112	65	47	0
37	3.027027027027027	112	62	50	0
36	3.0277777777777777	109	63	45	1
37	3.0	111	65	45	1
35	3.0	105	69	36	0
37	3.0	111	63	48	0
36	3.0	108	62	46	0
37	2.972972972972973	110	66	44	0
38	3.026315789473684	115	71	44	0
37	3.027027027027027	112	66	46	0
38	3.026315789473684	115	68	46	1
39	3.0	117	65	52	0
37	2.972972972972973	110	67	43	0
37	2.972972972972973	110	72	38	0
35	2.9714285714285715	104	64	39	1
34	2.9705882352941178	101	56	45	0
37	2.945945945945946	109	62	46	1
36	2.9722222222222223	107	66	40	1
38	2.973684210526316	113	65	48	0
36	2.9722222222222223	107	61	46	0
35	3.057142857142857	107	71	36	0
35	3.0285714285714285	106	61	45	0
35	3.057142857142857	107	63	44	0
37	2.972972972972973	110	64	46	0
38	3.026315789473684	115	67	48	0
37	3.0	111	68	43	0
36	3.0	108	59	49	0
36	3.0833333333333335	111	61	50	0
38	2.9210526315789473	111	71	40	0
33	3.0	99	55	44	0
35	2.9714285714285715	104	67	36	1
35	2.9714285714285715	104	58	46	0
35	3.0	105	65	40	0
36	3.0	108	64	44	0
39	3.0	117	69	48	0
36	2.9722222222222223	107	57	50	0
36	3.0	108	65	43	0
35	2.9714285714285715	104	56	47	1
37	3.0	111	60	51	0
37	2.972972972972973	110	64	46	0
37	2.972972972972973	110	69	41	0
36	3.0555555555555554	110	66	44	0
35	2.9714285714285715	104	61	43	0
36	3.0277777777777777	109	64	45	0
35	3.057142857142857	107	63	44	0
36	2.9722222222222223	107	60	47	0
34	2.911764705882353	99	60	38	1
32	3.03125	97	58	39	0
37	2.972972972972973	110	65	45	0
34	3.0588235294117645	104	60	42	2
36	2.9722222222222223	107	62	44	1
36	3.0833333333333335	111	69	42	0
36	3.0	108	67	41	0
36	3.0277777777777777	109	62	47	0
36	2.9166666666666665	105	65	40	0
36	3.0277777777777777	109	65	44	0
40	2.95	118	71	47	0
37	2.972972972972973	110	60	50	0
37	2.972972972972973	110	64	45	1
39	3.051282051282051	119	69	50	0
39	2.9743589743589745	116	65	51	0
35	3.057142857142857	107	62	45	0
35	3.0285714285714285	106	63	43	0
34	3.0	102	61	41	0
39	3.0	117	74	43	0
35	2.9714285714285715	104	62	42	0
35	3.0	105	60	45	0
37	3.054054054054054	113	71	42	0
35	3.057142857142857	107	64	43	0
36	3.0	108	67	40	1
37	3.027027027027027	112	61	50	1
34	3.0	102	64	37	1
36	2.9722222222222223	107	60	47	0
35	3.0285714285714285	106	70	36	0
39	2.948717948717949	115	66	49	0
36	2.9722222222222223	107	66	41	0
37	2.945945945945946	109	64	44	1
38	3.0	114	73	41	0
35	3.057142857142857	107	68	39	0
37	3.0	111	65	46	0
38	3.0	114	63	51	0
38	3.0	114	67	47	0
34	2.9705882352941178	101	62	39	0
35	2.9714285714285715	104	60	44	0
36	3.0277777777777777	109	66	43	0
37	3.0	111	67	43	1
35	3.0	105	59	46	0
36	3.0277777777777777	109	63	46	0
37	3.0	111	72	39	0
37	3.0	111	68	43	0
33	3.0303030303030303	100	54	46	0
36	3.0	108	60	48	0
37	3.027027027027027	112	69	43	0
37	3.0	111	67	44	0
38	3.0789473684210527	117	69	48	0
37	2.945945945945946	109	68	41	0
36	2.9722222222222223	107	66	41	0
34	2.9411764705882355	100	60	40	0
37	3.027027027027027	112	66	46	0
40	3.0	120	69	51	0
36	3.0	108	70	38	0
36	3.0555555555555554	110	65	44	1
37	3.054054054054054	113	67	46	0
37	3.0	111	67	43	1
35	3.0	105	55	50	0
37	3.027027027027027	112	70	42	0
35	3.0	105	63	42	0
37	2.972972972972973	110	65	45	0
37	3.0	111	65	44	2
38	2.9473684210526314	112	66	46	0
35	2.9714285714285715	104	57	46	1
37	2.945945945945946	109	61	47	1
39	2.923076923076923	114	66	48	0
35	3.0	105	58	47	0
36	3.0	108	63	44	1
37	3.054054054054054	113	63	50	0
37	3.0	111	63	48	0
37	3.027027027027027	112	73	39	0
36	2.9722222222222223	107	57	50	0
34	3.0588235294117645	104	58	46	0
37	3.0	111	65	45	1
37	2.972972972972973	110	66	44	0
37	3.054054054054054	113	71	42	0
Distance	122	96	108.499
Approximation	3.1470588235294117	2.8857142857142857	3.0001163320762974
122	96	108.499	3.1470588235294117	2.8857142857142857	3.0001163320762974
